#
# There is insufficient memory for the Java Runtime Environment to continue.
# Native memory allocation (malloc) failed to allocate 2069616 bytes for Chunk::new
# Possible reasons:
#   The system is out of physical RAM or swap space
#   The process is running with CompressedOops enabled, and the Java Heap may be blocking the growth of the native heap
# Possible solutions:
#   Reduce memory load on the system
#   Increase physical memory or swap space
#   Check if swap backing store is full
#   Decrease Java heap size (-Xmx/-Xms)
#   Decrease number of Java threads
#   Decrease Java thread stack sizes (-Xss)
#   Set larger code cache with -XX:ReservedCodeCacheSize=
#   JVM is running with Unscaled Compressed Oops mode in which the Java heap is
#     placed in the first 4GB address space. The Java Heap base address is the
#     maximum limit for the native heap growth. Please use -XX:HeapBaseMinAddress
#     to set the Java Heap base and to place the Java Heap above 4GB virtual address.
# This output file may be truncated or incomplete.
#
#  Out of Memory Error (./src/hotspot/share/memory/arena.cpp:197), pid=8380, tid=9448
#
# JRE version: OpenJDK Runtime Environment Corretto-11.0.18.10.1 (11.0.18+10) (build 11.0.18+10-LTS)
# Java VM: OpenJDK 64-Bit Server VM Corretto-11.0.18.10.1 (11.0.18+10-LTS, mixed mode, tiered, compressed oops, g1 gc, windows-amd64)
# No core dump will be written. Minidumps are not enabled by default on client versions of Windows
#

---------------  S U M M A R Y ------------

Command Line: --add-opens=java.base/java.util=ALL-UNNAMED --add-opens=java.base/java.lang=ALL-UNNAMED --add-opens=java.base/java.lang.invoke=ALL-UNNAMED --add-opens=java.base/java.util=ALL-UNNAMED --add-opens=java.prefs/java.util.prefs=ALL-UNNAMED --add-opens=java.prefs/java.util.prefs=ALL-UNNAMED --add-opens=java.base/java.nio.charset=ALL-UNNAMED --add-opens=java.base/java.net=ALL-UNNAMED --add-opens=java.base/java.util.concurrent.atomic=ALL-UNNAMED -XX:MaxMetaspaceSize=256m -XX:+HeapDumpOnOutOfMemoryError -Xms256m -Xmx512m -Dfile.encoding=windows-1251 -Duser.country=RU -Duser.language=ru -Duser.variant org.gradle.launcher.daemon.bootstrap.GradleDaemon 7.5.1

Host: AMD Athlon 300U with Radeon Vega Mobile Gfx    , 4 cores, 3G,  Windows 10 , 64 bit Build 19041 (10.0.19041.2913)
Time: Thu Jun  8 14:59:57 2023 RTZ 6 (s 10 , 64 bit Build 19041 (10.0.19041.2913) elapsed time: 1079.275420 seconds (0d 0h 17m 59s)

---------------  T H R E A D  ---------------

Current thread (0x000001d692ec4800):  JavaThread "C2 CompilerThread0" daemon [_thread_in_native, id=9448, stack(0x000000c890500000,0x000000c890600000)]


Current CompileTask:
C2:1079275 11179       4       java.util.ComparableTimSort::binarySort (223 bytes)

Stack: [0x000000c890500000,0x000000c890600000]
Native frames: (J=compiled Java code, j=interpreted, Vv=VM code, C=native code)
V  [jvm.dll+0x622d9a]
V  [jvm.dll+0x7b0289]
V  [jvm.dll+0x7b1978]
V  [jvm.dll+0x7b2053]
V  [jvm.dll+0x24fe08]
V  [jvm.dll+0xc264c]
V  [jvm.dll+0xc2c0c]
V  [jvm.dll+0x35c7e7]
V  [jvm.dll+0x328783]
V  [jvm.dll+0x327aba]
V  [jvm.dll+0x2092c3]
V  [jvm.dll+0x20841d]
V  [jvm.dll+0x18a3c1]
V  [jvm.dll+0x217ac4]
V  [jvm.dll+0x215d0b]
V  [jvm.dll+0x772d90]
V  [jvm.dll+0x76bcc4]
V  [jvm.dll+0x621c05]
C  [ucrtbase.dll+0x21bb2]
C  [KERNEL32.DLL+0x17614]
C  [ntdll.dll+0x526a1]


---------------  P R O C E S S  ---------------

Threads class SMR info:
_java_thread_list=0x000001d69772c480, length=99, elements={
0x000001d6f762b000, 0x000001d692e62000, 0x000001d692e6c800, 0x000001d692ebf000,
0x000001d692ec0000, 0x000001d692ec3800, 0x000001d692ec4800, 0x000001d692ecd800,
0x000001d692ed7000, 0x000001d69303b800, 0x000001d694930000, 0x000001d694662800,
0x000001d6945a0800, 0x000001d69472f000, 0x000001d694730000, 0x000001d694733800,
0x000001d694734000, 0x000001d694731800, 0x000001d694732800, 0x000001d697115000,
0x000001d697113800, 0x000001d697114000, 0x000001d697116800, 0x000001d697111800,
0x000001d697118000, 0x000001d698ec9800, 0x000001d698cea800, 0x000001d698ce9800,
0x000001d698ceb000, 0x000001d698cf1000, 0x000001d698cf1800, 0x000001d698cef800,
0x000001d698cee800, 0x000001d698ced800, 0x000001d698ced000, 0x000001d698cf0000,
0x000001d698cec000, 0x000001d698cf3800, 0x000001d698cf4000, 0x000001d698cf6000,
0x000001d698cf6800, 0x000001d698cf7800, 0x000001d698cf8800, 0x000001d698cf2800,
0x000001d698ec0000, 0x000001d698ebe800, 0x000001d698ec2800, 0x000001d698ec5000,
0x000001d698ec0800, 0x000001d698ebf000, 0x000001d698ec1800, 0x000001d698ec4000,
0x000001d698ec5800, 0x000001d698ec6800, 0x000001d698ec7800, 0x000001d698ec8000,
0x000001d698ec3000, 0x000001d698ecd000, 0x000001d698eca800, 0x000001d698ecb800,
0x000001d698ecc000, 0x000001d698ec9000, 0x000001d697117800, 0x000001d697112800,
0x000001d69711c800, 0x000001d69711b800, 0x000001d69711d000, 0x000001d69711e000,
0x000001d697119000, 0x000001d69711a000, 0x000001d69711e800, 0x000001d69711a800,
0x000001d69711f800, 0x000001d697120800, 0x000001d694731000, 0x000001d69472e800,
0x000001d694735000, 0x000001d699ab9000, 0x000001d699abf800, 0x000001d699aba000,
0x000001d699abe000, 0x000001d699abf000, 0x000001d699ac0800, 0x000001d699abb000,
0x000001d699ac1800, 0x000001d699abd800, 0x000001d699abb800, 0x000001d699ac2000,
0x000001d699abc800, 0x000001d699ac7000, 0x000001d699ac8000, 0x000001d699ac4800,
0x000001d699ac5800, 0x000001d699ac3000, 0x000001d699ac6800, 0x000001d699ac4000,
0x000001d69943b000, 0x000001d69943b800, 0x000001d69943f000
}

Java Threads: ( => current thread )
  0x000001d6f762b000 JavaThread "main" [_thread_blocked, id=2584, stack(0x000000c88f900000,0x000000c88fa00000)]
  0x000001d692e62000 JavaThread "Reference Handler" daemon [_thread_blocked, id=17868, stack(0x000000c890000000,0x000000c890100000)]
  0x000001d692e6c800 JavaThread "Finalizer" daemon [_thread_blocked, id=12356, stack(0x000000c890100000,0x000000c890200000)]
  0x000001d692ebf000 JavaThread "Signal Dispatcher" daemon [_thread_blocked, id=15864, stack(0x000000c890200000,0x000000c890300000)]
  0x000001d692ec0000 JavaThread "Attach Listener" daemon [_thread_blocked, id=9176, stack(0x000000c890300000,0x000000c890400000)]
  0x000001d692ec3800 JavaThread "Service Thread" daemon [_thread_blocked, id=3020, stack(0x000000c890400000,0x000000c890500000)]
=>0x000001d692ec4800 JavaThread "C2 CompilerThread0" daemon [_thread_in_native, id=9448, stack(0x000000c890500000,0x000000c890600000)]
  0x000001d692ecd800 JavaThread "C1 CompilerThread0" daemon [_thread_blocked, id=14064, stack(0x000000c890600000,0x000000c890700000)]
  0x000001d692ed7000 JavaThread "Sweeper thread" daemon [_thread_blocked, id=12452, stack(0x000000c890700000,0x000000c890800000)]
  0x000001d69303b800 JavaThread "Common-Cleaner" daemon [_thread_blocked, id=17396, stack(0x000000c890800000,0x000000c890900000)]
  0x000001d694930000 JavaThread "Daemon health stats" [_thread_blocked, id=17204, stack(0x000000c890d00000,0x000000c890e00000)]
  0x000001d694662800 JavaThread "Incoming local TCP Connector on port 63049" [_thread_in_native, id=2888, stack(0x000000c890e00000,0x000000c890f00000)]
  0x000001d6945a0800 JavaThread "Daemon periodic checks" [_thread_blocked, id=7468, stack(0x000000c890f00000,0x000000c891000000)]
  0x000001d69472f000 JavaThread "Cache worker for journal cache (C:\Users\leroc\.gradle\caches\journal-1)" [_thread_blocked, id=2216, stack(0x000000c891700000,0x000000c891800000)]
  0x000001d694730000 JavaThread "File lock request listener" [_thread_in_native, id=17616, stack(0x000000c891800000,0x000000c891900000)]
  0x000001d694733800 JavaThread "Cache worker for file hash cache (C:\Users\leroc\.gradle\caches\7.5.1\fileHashes)" [_thread_blocked, id=16204, stack(0x000000c891900000,0x000000c891a00000)]
  0x000001d694734000 JavaThread "File watcher server" daemon [_thread_in_native, id=13584, stack(0x000000c891a00000,0x000000c891b00000)]
  0x000001d694731800 JavaThread "File watcher consumer" daemon [_thread_blocked, id=9188, stack(0x000000c891b00000,0x000000c891c00000)]
  0x000001d694732800 JavaThread "Cache worker for file content cache (C:\Users\leroc\.gradle\caches\7.5.1\fileContent)" [_thread_blocked, id=7368, stack(0x000000c891e00000,0x000000c891f00000)]
  0x000001d697115000 JavaThread "Cache worker for execution history cache (C:\Users\leroc\.gradle\caches\7.5.1\executionHistory)" [_thread_blocked, id=8124, stack(0x000000c892100000,0x000000c892200000)]
  0x000001d697113800 JavaThread "jar transforms" [_thread_blocked, id=14400, stack(0x000000c892200000,0x000000c892300000)]
  0x000001d697114000 JavaThread "jar transforms Thread 2" [_thread_blocked, id=7708, stack(0x000000c892300000,0x000000c892400000)]
  0x000001d697116800 JavaThread "jar transforms Thread 3" [_thread_blocked, id=3140, stack(0x000000c892400000,0x000000c892500000)]
  0x000001d697111800 JavaThread "jar transforms Thread 4" [_thread_blocked, id=14616, stack(0x000000c892500000,0x000000c892600000)]
  0x000001d697118000 JavaThread "Memory manager" [_thread_blocked, id=2600, stack(0x000000c892900000,0x000000c892a00000)]
  0x000001d698ec9800 JavaThread "Cache worker for Java compile cache (C:\Users\leroc\.gradle\caches\7.5.1\javaCompile)" [_thread_blocked, id=3104, stack(0x000000c895600000,0x000000c895700000)]
  0x000001d698cea800 JavaThread "Daemon Thread 3" [_thread_blocked, id=7148, stack(0x000000c88f600000,0x000000c88f700000)]
  0x000001d698ce9800 JavaThread "Handler for socket connection from /127.0.0.1:63049 to /127.0.0.1:64362" [_thread_in_native, id=8956, stack(0x000000c88f700000,0x000000c88f800000)]
  0x000001d698ceb000 JavaThread "Cancel handler" [_thread_blocked, id=16532, stack(0x000000c88f800000,0x000000c88f900000)]
  0x000001d698cf1000 JavaThread "Daemon worker Thread 2" [_thread_blocked, id=17888, stack(0x000000c891000000,0x000000c891100000)]
  0x000001d698cf1800 JavaThread "Asynchronous log dispatcher for DefaultDaemonConnection: socket connection from /127.0.0.1:63049 to /127.0.0.1:64362" [_thread_blocked, id=14284, stack(0x000000c891100000,0x000000c891200000)]
  0x000001d698cef800 JavaThread "Stdin handler" [_thread_blocked, id=12608, stack(0x000000c891200000,0x000000c891300000)]
  0x000001d698cee800 JavaThread "Daemon client event forwarder" [_thread_blocked, id=15912, stack(0x000000c891300000,0x000000c891400000)]
  0x000001d698ced800 JavaThread "Cache worker for checksums cache (C:\Users\leroc\OneDrive\AllHomeWorks\TestMode\.gradle\7.5.1\checksums)" [_thread_blocked, id=15528, stack(0x000000c891400000,0x000000c891500000)]
  0x000001d698ced000 JavaThread "Cache worker for cache directory md-rule (C:\Users\leroc\.gradle\caches\7.5.1\md-rule)" [_thread_blocked, id=5284, stack(0x000000c891500000,0x000000c891600000)]
  0x000001d698cf0000 JavaThread "Cache worker for file hash cache (C:\Users\leroc\OneDrive\AllHomeWorks\TestMode\.gradle\7.5.1\fileHashes)" [_thread_blocked, id=17948, stack(0x000000c891600000,0x000000c891700000)]
  0x000001d698cec000 JavaThread "Cache worker for cache directory md-supplier (C:\Users\leroc\.gradle\caches\7.5.1\md-supplier)" [_thread_blocked, id=17292, stack(0x000000c891c00000,0x000000c891d00000)]
  0x000001d698cf3800 JavaThread "Cache worker for dependencies-accessors (C:\Users\leroc\OneDrive\AllHomeWorks\TestMode\.gradle\7.5.1\dependencies-accessors)" [_thread_blocked, id=8060, stack(0x000000c891d00000,0x000000c891e00000)]
  0x000001d698cf4000 JavaThread "Cache worker for Build Output Cleanup Cache (C:\Users\leroc\OneDrive\AllHomeWorks\TestMode\.gradle\buildOutputCleanup)" [_thread_blocked, id=16116, stack(0x000000c891f00000,0x000000c892000000)]
  0x000001d698cf6000 JavaThread "Unconstrained build operations" [_thread_blocked, id=13756, stack(0x000000c892000000,0x000000c892100000)]
  0x000001d698cf6800 JavaThread "included builds" [_thread_blocked, id=4468, stack(0x000000c892600000,0x000000c892700000)]
  0x000001d698cf7800 JavaThread "Execution worker" [_thread_blocked, id=5316, stack(0x000000c892700000,0x000000c892800000)]
  0x000001d698cf8800 JavaThread "Execution worker Thread 2" [_thread_blocked, id=8200, stack(0x000000c892800000,0x000000c892900000)]
  0x000001d698cf2800 JavaThread "Execution worker Thread 3" [_thread_blocked, id=9084, stack(0x000000c892a00000,0x000000c892b00000)]
  0x000001d698ec0000 JavaThread "Cache worker for execution history cache (C:\Users\leroc\OneDrive\AllHomeWorks\TestMode\.gradle\7.5.1\executionHistory)" [_thread_blocked, id=10136, stack(0x000000c892b00000,0x000000c892c00000)]
  0x000001d698ebe800 JavaThread "Unconstrained build operations Thread 2" [_thread_blocked, id=11940, stack(0x000000c892c00000,0x000000c892d00000)]
  0x000001d698ec2800 JavaThread "Unconstrained build operations Thread 3" [_thread_blocked, id=13772, stack(0x000000c892d00000,0x000000c892e00000)]
  0x000001d698ec5000 JavaThread "Unconstrained build operations Thread 4" [_thread_blocked, id=16884, stack(0x000000c892e00000,0x000000c892f00000)]
  0x000001d698ec0800 JavaThread "Unconstrained build operations Thread 5" [_thread_blocked, id=9560, stack(0x000000c892f00000,0x000000c893000000)]
  0x000001d698ebf000 JavaThread "Unconstrained build operations Thread 6" [_thread_blocked, id=17808, stack(0x000000c893000000,0x000000c893100000)]
  0x000001d698ec1800 JavaThread "Unconstrained build operations Thread 7" [_thread_blocked, id=5644, stack(0x000000c893100000,0x000000c893200000)]
  0x000001d698ec4000 JavaThread "Unconstrained build operations Thread 8" [_thread_blocked, id=12984, stack(0x000000c893200000,0x000000c893300000)]
  0x000001d698ec5800 JavaThread "Unconstrained build operations Thread 9" [_thread_blocked, id=18156, stack(0x000000c893300000,0x000000c893400000)]
  0x000001d698ec6800 JavaThread "Unconstrained build operations Thread 10" [_thread_blocked, id=4008, stack(0x000000c893400000,0x000000c893500000)]
  0x000001d698ec7800 JavaThread "Unconstrained build operations Thread 11" [_thread_blocked, id=11936, stack(0x000000c893500000,0x000000c893600000)]
  0x000001d698ec8000 JavaThread "Unconstrained build operations Thread 12" [_thread_blocked, id=8824, stack(0x000000c893600000,0x000000c893700000)]
  0x000001d698ec3000 JavaThread "Unconstrained build operations Thread 13" [_thread_blocked, id=11372, stack(0x000000c893700000,0x000000c893800000)]
  0x000001d698ecd000 JavaThread "Unconstrained build operations Thread 14" [_thread_blocked, id=5388, stack(0x000000c893800000,0x000000c893900000)]
  0x000001d698eca800 JavaThread "Unconstrained build operations Thread 15" [_thread_blocked, id=16660, stack(0x000000c893900000,0x000000c893a00000)]
  0x000001d698ecb800 JavaThread "Unconstrained build operations Thread 16" [_thread_blocked, id=9624, stack(0x000000c893a00000,0x000000c893b00000)]
  0x000001d698ecc000 JavaThread "Unconstrained build operations Thread 17" [_thread_blocked, id=5600, stack(0x000000c893b00000,0x000000c893c00000)]
  0x000001d698ec9000 JavaThread "Unconstrained build operations Thread 18" [_thread_blocked, id=3504, stack(0x000000c893c00000,0x000000c893d00000)]
  0x000001d697117800 JavaThread "Unconstrained build operations Thread 19" [_thread_blocked, id=5748, stack(0x000000c893d00000,0x000000c893e00000)]
  0x000001d697112800 JavaThread "Unconstrained build operations Thread 20" [_thread_blocked, id=6212, stack(0x000000c893e00000,0x000000c893f00000)]
  0x000001d69711c800 JavaThread "Unconstrained build operations Thread 21" [_thread_blocked, id=15340, stack(0x000000c893f00000,0x000000c894000000)]
  0x000001d69711b800 JavaThread "Unconstrained build operations Thread 22" [_thread_blocked, id=4548, stack(0x000000c894000000,0x000000c894100000)]
  0x000001d69711d000 JavaThread "Unconstrained build operations Thread 23" [_thread_blocked, id=8960, stack(0x000000c894100000,0x000000c894200000)]
  0x000001d69711e000 JavaThread "Unconstrained build operations Thread 24" [_thread_blocked, id=12236, stack(0x000000c894200000,0x000000c894300000)]
  0x000001d697119000 JavaThread "Unconstrained build operations Thread 25" [_thread_blocked, id=17772, stack(0x000000c894300000,0x000000c894400000)]
  0x000001d69711a000 JavaThread "Unconstrained build operations Thread 26" [_thread_blocked, id=6712, stack(0x000000c894400000,0x000000c894500000)]
  0x000001d69711e800 JavaThread "Unconstrained build operations Thread 27" [_thread_blocked, id=3824, stack(0x000000c894500000,0x000000c894600000)]
  0x000001d69711a800 JavaThread "Unconstrained build operations Thread 28" [_thread_blocked, id=15572, stack(0x000000c894600000,0x000000c894700000)]
  0x000001d69711f800 JavaThread "Unconstrained build operations Thread 29" [_thread_blocked, id=11796, stack(0x000000c894700000,0x000000c894800000)]
  0x000001d697120800 JavaThread "Unconstrained build operations Thread 30" [_thread_blocked, id=18204, stack(0x000000c894800000,0x000000c894900000)]
  0x000001d694731000 JavaThread "Unconstrained build operations Thread 31" [_thread_blocked, id=7132, stack(0x000000c894900000,0x000000c894a00000)]
  0x000001d69472e800 JavaThread "Unconstrained build operations Thread 32" [_thread_blocked, id=4292, stack(0x000000c894a00000,0x000000c894b00000)]
  0x000001d694735000 JavaThread "Unconstrained build operations Thread 33" [_thread_blocked, id=17388, stack(0x000000c894b00000,0x000000c894c00000)]
  0x000001d699ab9000 JavaThread "Unconstrained build operations Thread 34" [_thread_blocked, id=14668, stack(0x000000c894c00000,0x000000c894d00000)]
  0x000001d699abf800 JavaThread "Unconstrained build operations Thread 35" [_thread_blocked, id=11172, stack(0x000000c894d00000,0x000000c894e00000)]
  0x000001d699aba000 JavaThread "Unconstrained build operations Thread 36" [_thread_blocked, id=8468, stack(0x000000c894e00000,0x000000c894f00000)]
  0x000001d699abe000 JavaThread "Unconstrained build operations Thread 37" [_thread_blocked, id=11004, stack(0x000000c894f00000,0x000000c895000000)]
  0x000001d699abf000 JavaThread "Unconstrained build operations Thread 38" [_thread_blocked, id=16352, stack(0x000000c895000000,0x000000c895100000)]
  0x000001d699ac0800 JavaThread "Unconstrained build operations Thread 39" [_thread_blocked, id=15156, stack(0x000000c895100000,0x000000c895200000)]
  0x000001d699abb000 JavaThread "Unconstrained build operations Thread 40" [_thread_blocked, id=8628, stack(0x000000c895200000,0x000000c895300000)]
  0x000001d699ac1800 JavaThread "Build operations" [_thread_blocked, id=16728, stack(0x000000c895300000,0x000000c895400000)]
  0x000001d699abd800 JavaThread "Build operations Thread 2" [_thread_blocked, id=16628, stack(0x000000c895400000,0x000000c895500000)]
  0x000001d699abb800 JavaThread "Build operations Thread 3" [_thread_blocked, id=17572, stack(0x000000c895500000,0x000000c895600000)]
  0x000001d699ac2000 JavaThread "Build operations Thread 4" [_thread_blocked, id=17512, stack(0x000000c895700000,0x000000c895800000)]
  0x000001d699abc800 JavaThread "Dispatch org.gradle.api.internal.tasks.testing.results.AttachParentTestResultProcessor@234af1be" [_thread_blocked, id=15656, stack(0x000000c895800000,0x000000c895900000)]
  0x000001d699ac7000 JavaThread "Dispatch org.gradle.api.internal.tasks.testing.processors.RestartEveryNTestClassProcessor@157720d7" [_thread_blocked, id=7100, stack(0x000000c895900000,0x000000c895a00000)]
  0x000001d699ac8000 JavaThread "Incoming local TCP Connector on port 64393" [_thread_blocked, id=12368, stack(0x000000c895a00000,0x000000c895b00000)]
  0x000001d699ac4800 JavaThread "Exec process Thread 6" [_thread_in_native, id=2308, stack(0x000000c895d00000,0x000000c895e00000)]
  0x000001d699ac5800 JavaThread "Exec process Thread 7" [_thread_blocked, id=1640, stack(0x000000c895f00000,0x000000c896000000)]
  0x000001d699ac3000 JavaThread "Exec process Thread 8" [_thread_in_native, id=14192, stack(0x000000c896000000,0x000000c896100000)]
  0x000001d699ac6800 JavaThread "Exec process Thread 9" [_thread_in_native, id=14052, stack(0x000000c896100000,0x000000c896200000)]
  0x000001d699ac4000 JavaThread "/127.0.0.1:64393 to /127.0.0.1:64399 workers" [_thread_blocked, id=16504, stack(0x000000c895e00000,0x000000c895f00000)]
  0x000001d69943b000 JavaThread "/127.0.0.1:64393 to /127.0.0.1:64399 workers Thread 2" [_thread_blocked, id=1584, stack(0x000000c896200000,0x000000c896300000)]
  0x000001d69943b800 JavaThread "/127.0.0.1:64393 to /127.0.0.1:64399 workers Thread 3" [_thread_blocked, id=10836, stack(0x000000c896300000,0x000000c896400000)]
  0x000001d69943f000 JavaThread "/127.0.0.1:64393 to /127.0.0.1:64399 workers Thread 4" [_thread_blocked, id=1228, stack(0x000000c896400000,0x000000c896500000)]

Other Threads:
  0x000001d692636800 VMThread "VM Thread" [stack: 0x000000c88ff00000,0x000000c890000000] [id=16744]
  0x000001d693050800 WatcherThread [stack: 0x000000c890900000,0x000000c890a00000] [id=12464]
  0x000001d6f7643800 GCTaskThread "GC Thread#0" [stack: 0x000000c88fa00000,0x000000c88fb00000] [id=9332]
  0x000001d69378a800 GCTaskThread "GC Thread#1" [stack: 0x000000c890a00000,0x000000c890b00000] [id=13672]
  0x000001d693bab800 GCTaskThread "GC Thread#2" [stack: 0x000000c890b00000,0x000000c890c00000] [id=8680]
  0x000001d693bac800 GCTaskThread "GC Thread#3" [stack: 0x000000c890c00000,0x000000c890d00000] [id=9704]
  0x000001d6f7654800 ConcurrentGCThread "G1 Main Marker" [stack: 0x000000c88fb00000,0x000000c88fc00000] [id=9848]
  0x000001d6f7656800 ConcurrentGCThread "G1 Conc#0" [stack: 0x000000c88fc00000,0x000000c88fd00000] [id=16772]
  0x000001d6f76ee000 ConcurrentGCThread "G1 Refine#0" [stack: 0x000000c88fd00000,0x000000c88fe00000] [id=15884]
  0x000001d698ce7800 ConcurrentGCThread "G1 Refine#1" [stack: 0x000000c895b00000,0x000000c895c00000] [id=2604]
  0x000001d698ce2800 ConcurrentGCThread "G1 Refine#2" [stack: 0x000000c895c00000,0x000000c895d00000] [id=15228]
  0x000001d6924d0800 ConcurrentGCThread "G1 Young RemSet Sampling" [stack: 0x000000c88fe00000,0x000000c88ff00000] [id=16016]

Threads with active compile tasks:
C2 CompilerThread0  1079382 11179       4       java.util.ComparableTimSort::binarySort (223 bytes)

VM state:not at safepoint (normal execution)

VM Mutex/Monitor currently owned by a thread: None

Heap address: 0x00000000e0000000, size: 512 MB, Compressed Oops mode: 32-bit
Narrow klass base: 0x0000000000000000, Narrow klass shift: 3
Compressed class space size: 260046848 Address: 0x0000000100000000

Heap:
 garbage-first heap   total 262144K, used 136704K [0x00000000e0000000, 0x0000000100000000)
  region size 1024K, 81 young (82944K), 5 survivors (5120K)
 Metaspace       used 76567K, capacity 79468K, committed 79952K, reserved 323584K
  class space    used 9758K, capacity 10797K, committed 10956K, reserved 253952K
Heap Regions: E=young(eden), S=young(survivor), O=old, HS=humongous(starts), HC=humongous(continues), CS=collection set, F=free, A=archive, TAMS=top-at-mark-start (previous, next)
|   0|0x00000000e0000000, 0x00000000e0100000, 0x00000000e0100000|100%|HS|  |TAMS 0x00000000e0100000, 0x00000000e0000000| Complete 
|   1|0x00000000e0100000, 0x00000000e0200000, 0x00000000e0200000|100%|HC|  |TAMS 0x00000000e0200000, 0x00000000e0100000| Complete 
|   2|0x00000000e0200000, 0x00000000e0300000, 0x00000000e0300000|100%|HC|  |TAMS 0x00000000e0300000, 0x00000000e0200000| Complete 
|   3|0x00000000e0300000, 0x00000000e0400000, 0x00000000e0400000|100%| O|  |TAMS 0x00000000e0400000, 0x00000000e0300000| Untracked 
|   4|0x00000000e0400000, 0x00000000e0500000, 0x00000000e0500000|100%| O|  |TAMS 0x00000000e0500000, 0x00000000e0400000| Untracked 
|   5|0x00000000e0500000, 0x00000000e0600000, 0x00000000e0600000|100%| O|  |TAMS 0x00000000e0600000, 0x00000000e0500000| Untracked 
|   6|0x00000000e0600000, 0x00000000e0700000, 0x00000000e0700000|100%| O|  |TAMS 0x00000000e0700000, 0x00000000e0600000| Untracked 
|   7|0x00000000e0700000, 0x00000000e0800000, 0x00000000e0800000|100%| O|  |TAMS 0x00000000e0800000, 0x00000000e0700000| Untracked 
|   8|0x00000000e0800000, 0x00000000e0900000, 0x00000000e0900000|100%| O|  |TAMS 0x00000000e0900000, 0x00000000e0800000| Untracked 
|   9|0x00000000e0900000, 0x00000000e0a00000, 0x00000000e0a00000|100%| O|  |TAMS 0x00000000e0a00000, 0x00000000e0900000| Untracked 
|  10|0x00000000e0a00000, 0x00000000e0b00000, 0x00000000e0b00000|100%| O|  |TAMS 0x00000000e0b00000, 0x00000000e0a00000| Untracked 
|  11|0x00000000e0b00000, 0x00000000e0c00000, 0x00000000e0c00000|100%| O|  |TAMS 0x00000000e0c00000, 0x00000000e0b00000| Untracked 
|  12|0x00000000e0c00000, 0x00000000e0d00000, 0x00000000e0d00000|100%| O|  |TAMS 0x00000000e0d00000, 0x00000000e0c00000| Untracked 
|  13|0x00000000e0d00000, 0x00000000e0e00000, 0x00000000e0e00000|100%| O|  |TAMS 0x00000000e0e00000, 0x00000000e0d00000| Untracked 
|  14|0x00000000e0e00000, 0x00000000e0f00000, 0x00000000e0f00000|100%| O|  |TAMS 0x00000000e0f00000, 0x00000000e0e00000| Untracked 
|  15|0x00000000e0f00000, 0x00000000e1000000, 0x00000000e1000000|100%| O|  |TAMS 0x00000000e1000000, 0x00000000e0f00000| Untracked 
|  16|0x00000000e1000000, 0x00000000e1100000, 0x00000000e1100000|100%| O|  |TAMS 0x00000000e1100000, 0x00000000e1000000| Untracked 
|  17|0x00000000e1100000, 0x00000000e1200000, 0x00000000e1200000|100%| O|  |TAMS 0x00000000e1200000, 0x00000000e1100000| Untracked 
|  18|0x00000000e1200000, 0x00000000e1300000, 0x00000000e1300000|100%| O|  |TAMS 0x00000000e1300000, 0x00000000e1200000| Untracked 
|  19|0x00000000e1300000, 0x00000000e1400000, 0x00000000e1400000|100%| O|  |TAMS 0x00000000e1400000, 0x00000000e1300000| Untracked 
|  20|0x00000000e1400000, 0x00000000e1500000, 0x00000000e1500000|100%| O|  |TAMS 0x00000000e1500000, 0x00000000e1400000| Untracked 
|  21|0x00000000e1500000, 0x00000000e1600000, 0x00000000e1600000|100%| O|  |TAMS 0x00000000e1600000, 0x00000000e1500000| Untracked 
|  22|0x00000000e1600000, 0x00000000e1700000, 0x00000000e1700000|100%| O|  |TAMS 0x00000000e1700000, 0x00000000e1600000| Untracked 
|  23|0x00000000e1700000, 0x00000000e1800000, 0x00000000e1800000|100%| O|  |TAMS 0x00000000e1800000, 0x00000000e1700000| Untracked 
|  24|0x00000000e1800000, 0x00000000e1900000, 0x00000000e1900000|100%| O|  |TAMS 0x00000000e1900000, 0x00000000e1800000| Untracked 
|  25|0x00000000e1900000, 0x00000000e1a00000, 0x00000000e1a00000|100%| O|  |TAMS 0x00000000e1a00000, 0x00000000e1900000| Untracked 
|  26|0x00000000e1a00000, 0x00000000e1b00000, 0x00000000e1b00000|100%| O|  |TAMS 0x00000000e1b00000, 0x00000000e1a00000| Untracked 
|  27|0x00000000e1b00000, 0x00000000e1c00000, 0x00000000e1c00000|100%| O|  |TAMS 0x00000000e1c00000, 0x00000000e1b00000| Untracked 
|  28|0x00000000e1c00000, 0x00000000e1d00000, 0x00000000e1d00000|100%| O|  |TAMS 0x00000000e1d00000, 0x00000000e1c00000| Untracked 
|  29|0x00000000e1d00000, 0x00000000e1e00000, 0x00000000e1e00000|100%| O|  |TAMS 0x00000000e1e00000, 0x00000000e1d00000| Untracked 
|  30|0x00000000e1e00000, 0x00000000e1f00000, 0x00000000e1f00000|100%| O|  |TAMS 0x00000000e1f00000, 0x00000000e1e00000| Untracked 
|  31|0x00000000e1f00000, 0x00000000e2000000, 0x00000000e2000000|100%| O|  |TAMS 0x00000000e2000000, 0x00000000e1f00000| Untracked 
|  32|0x00000000e2000000, 0x00000000e2100000, 0x00000000e2100000|100%| O|  |TAMS 0x00000000e2100000, 0x00000000e2000000| Untracked 
|  33|0x00000000e2100000, 0x00000000e2200000, 0x00000000e2200000|100%| O|  |TAMS 0x00000000e2200000, 0x00000000e2100000| Untracked 
|  34|0x00000000e2200000, 0x00000000e2300000, 0x00000000e2300000|100%| O|  |TAMS 0x00000000e2300000, 0x00000000e2200000| Untracked 
|  35|0x00000000e2300000, 0x00000000e2400000, 0x00000000e2400000|100%| O|  |TAMS 0x00000000e2400000, 0x00000000e2300000| Untracked 
|  36|0x00000000e2400000, 0x00000000e2500000, 0x00000000e2500000|100%| O|  |TAMS 0x00000000e2500000, 0x00000000e2400000| Untracked 
|  37|0x00000000e2500000, 0x00000000e2600000, 0x00000000e2600000|100%| O|  |TAMS 0x00000000e2600000, 0x00000000e2500000| Untracked 
|  38|0x00000000e2600000, 0x00000000e2700000, 0x00000000e2700000|100%| O|  |TAMS 0x00000000e2700000, 0x00000000e2600000| Untracked 
|  39|0x00000000e2700000, 0x00000000e2800000, 0x00000000e2800000|100%| O|  |TAMS 0x00000000e2800000, 0x00000000e2700000| Untracked 
|  40|0x00000000e2800000, 0x00000000e2900000, 0x00000000e2900000|100%| O|  |TAMS 0x00000000e2900000, 0x00000000e2800000| Untracked 
|  41|0x00000000e2900000, 0x00000000e2a00000, 0x00000000e2a00000|100%| O|  |TAMS 0x00000000e2a00000, 0x00000000e2900000| Untracked 
|  42|0x00000000e2a00000, 0x00000000e2b00000, 0x00000000e2b00000|100%| O|  |TAMS 0x00000000e2b00000, 0x00000000e2a00000| Untracked 
|  43|0x00000000e2b00000, 0x00000000e2c00000, 0x00000000e2c00000|100%| O|  |TAMS 0x00000000e2c00000, 0x00000000e2b00000| Untracked 
|  44|0x00000000e2c00000, 0x00000000e2d00000, 0x00000000e2d00000|100%| O|  |TAMS 0x00000000e2d00000, 0x00000000e2c00000| Untracked 
|  45|0x00000000e2d00000, 0x00000000e2e00000, 0x00000000e2e00000|100%| O|  |TAMS 0x00000000e2e00000, 0x00000000e2d00000| Untracked 
|  46|0x00000000e2e00000, 0x00000000e2f00000, 0x00000000e2f00000|100%| O|  |TAMS 0x00000000e2f00000, 0x00000000e2e00000| Untracked 
|  47|0x00000000e2f00000, 0x00000000e3000000, 0x00000000e3000000|100%| O|  |TAMS 0x00000000e3000000, 0x00000000e2f00000| Untracked 
|  48|0x00000000e3000000, 0x00000000e3100000, 0x00000000e3100000|100%| O|  |TAMS 0x00000000e3100000, 0x00000000e3000000| Untracked 
|  49|0x00000000e3100000, 0x00000000e3200000, 0x00000000e3200000|100%| O|  |TAMS 0x00000000e3200000, 0x00000000e3100000| Untracked 
|  50|0x00000000e3200000, 0x00000000e3300000, 0x00000000e3300000|100%| O|  |TAMS 0x00000000e3300000, 0x00000000e3200000| Untracked 
|  51|0x00000000e3300000, 0x00000000e3400000, 0x00000000e3400000|100%| O|  |TAMS 0x00000000e3400000, 0x00000000e3300000| Untracked 
|  52|0x00000000e3400000, 0x00000000e3500000, 0x00000000e3500000|100%| O|  |TAMS 0x00000000e3500000, 0x00000000e3400000| Untracked 
|  53|0x00000000e3500000, 0x00000000e3600000, 0x00000000e3600000|100%| O|  |TAMS 0x00000000e3600000, 0x00000000e3500000| Untracked 
|  54|0x00000000e3600000, 0x00000000e3680000, 0x00000000e3700000| 50%| O|  |TAMS 0x00000000e3680000, 0x00000000e3600000| Untracked 
|  55|0x00000000e3700000, 0x00000000e3700000, 0x00000000e3800000|  0%| F|  |TAMS 0x00000000e3700000, 0x00000000e3700000| Untracked 
|  56|0x00000000e3800000, 0x00000000e3800000, 0x00000000e3900000|  0%| F|  |TAMS 0x00000000e3800000, 0x00000000e3800000| Untracked 
|  57|0x00000000e3900000, 0x00000000e3900000, 0x00000000e3a00000|  0%| F|  |TAMS 0x00000000e3900000, 0x00000000e3900000| Untracked 
|  58|0x00000000e3a00000, 0x00000000e3a00000, 0x00000000e3b00000|  0%| F|  |TAMS 0x00000000e3a00000, 0x00000000e3a00000| Untracked 
|  59|0x00000000e3b00000, 0x00000000e3b00000, 0x00000000e3c00000|  0%| F|  |TAMS 0x00000000e3b00000, 0x00000000e3b00000| Untracked 
|  60|0x00000000e3c00000, 0x00000000e3c00000, 0x00000000e3d00000|  0%| F|  |TAMS 0x00000000e3c00000, 0x00000000e3c00000| Untracked 
|  61|0x00000000e3d00000, 0x00000000e3d00000, 0x00000000e3e00000|  0%| F|  |TAMS 0x00000000e3d00000, 0x00000000e3d00000| Untracked 
|  62|0x00000000e3e00000, 0x00000000e3e00000, 0x00000000e3f00000|  0%| F|  |TAMS 0x00000000e3e00000, 0x00000000e3e00000| Untracked 
|  63|0x00000000e3f00000, 0x00000000e3f00000, 0x00000000e4000000|  0%| F|  |TAMS 0x00000000e3f00000, 0x00000000e3f00000| Untracked 
|  64|0x00000000e4000000, 0x00000000e4000000, 0x00000000e4100000|  0%| F|  |TAMS 0x00000000e4000000, 0x00000000e4000000| Untracked 
|  65|0x00000000e4100000, 0x00000000e4100000, 0x00000000e4200000|  0%| F|  |TAMS 0x00000000e4100000, 0x00000000e4100000| Untracked 
|  66|0x00000000e4200000, 0x00000000e4200000, 0x00000000e4300000|  0%| F|  |TAMS 0x00000000e4200000, 0x00000000e4200000| Untracked 
|  67|0x00000000e4300000, 0x00000000e4300000, 0x00000000e4400000|  0%| F|  |TAMS 0x00000000e4300000, 0x00000000e4300000| Untracked 
|  68|0x00000000e4400000, 0x00000000e4400000, 0x00000000e4500000|  0%| F|  |TAMS 0x00000000e4400000, 0x00000000e4400000| Untracked 
|  69|0x00000000e4500000, 0x00000000e4500000, 0x00000000e4600000|  0%| F|  |TAMS 0x00000000e4500000, 0x00000000e4500000| Untracked 
|  70|0x00000000e4600000, 0x00000000e4600000, 0x00000000e4700000|  0%| F|  |TAMS 0x00000000e4600000, 0x00000000e4600000| Untracked 
|  71|0x00000000e4700000, 0x00000000e4700000, 0x00000000e4800000|  0%| F|  |TAMS 0x00000000e4700000, 0x00000000e4700000| Untracked 
|  72|0x00000000e4800000, 0x00000000e4800000, 0x00000000e4900000|  0%| F|  |TAMS 0x00000000e4800000, 0x00000000e4800000| Untracked 
|  73|0x00000000e4900000, 0x00000000e4900000, 0x00000000e4a00000|  0%| F|  |TAMS 0x00000000e4900000, 0x00000000e4900000| Untracked 
|  74|0x00000000e4a00000, 0x00000000e4a00000, 0x00000000e4b00000|  0%| F|  |TAMS 0x00000000e4a00000, 0x00000000e4a00000| Untracked 
|  75|0x00000000e4b00000, 0x00000000e4b00000, 0x00000000e4c00000|  0%| F|  |TAMS 0x00000000e4b00000, 0x00000000e4b00000| Untracked 
|  76|0x00000000e4c00000, 0x00000000e4c00000, 0x00000000e4d00000|  0%| F|  |TAMS 0x00000000e4c00000, 0x00000000e4c00000| Untracked 
|  77|0x00000000e4d00000, 0x00000000e4d00000, 0x00000000e4e00000|  0%| F|  |TAMS 0x00000000e4d00000, 0x00000000e4d00000| Untracked 
|  78|0x00000000e4e00000, 0x00000000e4e00000, 0x00000000e4f00000|  0%| F|  |TAMS 0x00000000e4e00000, 0x00000000e4e00000| Untracked 
|  79|0x00000000e4f00000, 0x00000000e4f00000, 0x00000000e5000000|  0%| F|  |TAMS 0x00000000e4f00000, 0x00000000e4f00000| Untracked 
|  80|0x00000000e5000000, 0x00000000e5000000, 0x00000000e5100000|  0%| F|  |TAMS 0x00000000e5000000, 0x00000000e5000000| Untracked 
|  81|0x00000000e5100000, 0x00000000e5100000, 0x00000000e5200000|  0%| F|  |TAMS 0x00000000e5100000, 0x00000000e5100000| Untracked 
|  82|0x00000000e5200000, 0x00000000e5200000, 0x00000000e5300000|  0%| F|  |TAMS 0x00000000e5200000, 0x00000000e5200000| Untracked 
|  83|0x00000000e5300000, 0x00000000e5300000, 0x00000000e5400000|  0%| F|  |TAMS 0x00000000e5300000, 0x00000000e5300000| Untracked 
|  84|0x00000000e5400000, 0x00000000e5400000, 0x00000000e5500000|  0%| F|  |TAMS 0x00000000e5400000, 0x00000000e5400000| Untracked 
|  85|0x00000000e5500000, 0x00000000e5500000, 0x00000000e5600000|  0%| F|  |TAMS 0x00000000e5500000, 0x00000000e5500000| Untracked 
|  86|0x00000000e5600000, 0x00000000e5600000, 0x00000000e5700000|  0%| F|  |TAMS 0x00000000e5600000, 0x00000000e5600000| Untracked 
|  87|0x00000000e5700000, 0x00000000e5700000, 0x00000000e5800000|  0%| F|  |TAMS 0x00000000e5700000, 0x00000000e5700000| Untracked 
|  88|0x00000000e5800000, 0x00000000e5800000, 0x00000000e5900000|  0%| F|  |TAMS 0x00000000e5800000, 0x00000000e5800000| Untracked 
|  89|0x00000000e5900000, 0x00000000e5900000, 0x00000000e5a00000|  0%| F|  |TAMS 0x00000000e5900000, 0x00000000e5900000| Untracked 
|  90|0x00000000e5a00000, 0x00000000e5a00000, 0x00000000e5b00000|  0%| F|  |TAMS 0x00000000e5a00000, 0x00000000e5a00000| Untracked 
|  91|0x00000000e5b00000, 0x00000000e5b00000, 0x00000000e5c00000|  0%| F|  |TAMS 0x00000000e5b00000, 0x00000000e5b00000| Untracked 
|  92|0x00000000e5c00000, 0x00000000e5c00000, 0x00000000e5d00000|  0%| F|  |TAMS 0x00000000e5c00000, 0x00000000e5c00000| Untracked 
|  93|0x00000000e5d00000, 0x00000000e5d00000, 0x00000000e5e00000|  0%| F|  |TAMS 0x00000000e5d00000, 0x00000000e5d00000| Untracked 
|  94|0x00000000e5e00000, 0x00000000e5e00000, 0x00000000e5f00000|  0%| F|  |TAMS 0x00000000e5e00000, 0x00000000e5e00000| Untracked 
|  95|0x00000000e5f00000, 0x00000000e5f00000, 0x00000000e6000000|  0%| F|  |TAMS 0x00000000e5f00000, 0x00000000e5f00000| Untracked 
|  96|0x00000000e6000000, 0x00000000e6000000, 0x00000000e6100000|  0%| F|  |TAMS 0x00000000e6000000, 0x00000000e6000000| Untracked 
|  97|0x00000000e6100000, 0x00000000e6100000, 0x00000000e6200000|  0%| F|  |TAMS 0x00000000e6100000, 0x00000000e6100000| Untracked 
|  98|0x00000000e6200000, 0x00000000e6200000, 0x00000000e6300000|  0%| F|  |TAMS 0x00000000e6200000, 0x00000000e6200000| Untracked 
|  99|0x00000000e6300000, 0x00000000e6300000, 0x00000000e6400000|  0%| F|  |TAMS 0x00000000e6300000, 0x00000000e6300000| Untracked 
| 100|0x00000000e6400000, 0x00000000e6400000, 0x00000000e6500000|  0%| F|  |TAMS 0x00000000e6400000, 0x00000000e6400000| Untracked 
| 101|0x00000000e6500000, 0x00000000e6500000, 0x00000000e6600000|  0%| F|  |TAMS 0x00000000e6500000, 0x00000000e6500000| Untracked 
| 102|0x00000000e6600000, 0x00000000e6600000, 0x00000000e6700000|  0%| F|  |TAMS 0x00000000e6600000, 0x00000000e6600000| Untracked 
| 103|0x00000000e6700000, 0x00000000e6700000, 0x00000000e6800000|  0%| F|  |TAMS 0x00000000e6700000, 0x00000000e6700000| Untracked 
| 104|0x00000000e6800000, 0x00000000e6800000, 0x00000000e6900000|  0%| F|  |TAMS 0x00000000e6800000, 0x00000000e6800000| Untracked 
| 105|0x00000000e6900000, 0x00000000e6900000, 0x00000000e6a00000|  0%| F|  |TAMS 0x00000000e6900000, 0x00000000e6900000| Untracked 
| 106|0x00000000e6a00000, 0x00000000e6a00000, 0x00000000e6b00000|  0%| F|  |TAMS 0x00000000e6a00000, 0x00000000e6a00000| Untracked 
| 107|0x00000000e6b00000, 0x00000000e6b00000, 0x00000000e6c00000|  0%| F|  |TAMS 0x00000000e6b00000, 0x00000000e6b00000| Untracked 
| 108|0x00000000e6c00000, 0x00000000e6c00000, 0x00000000e6d00000|  0%| F|  |TAMS 0x00000000e6c00000, 0x00000000e6c00000| Untracked 
| 109|0x00000000e6d00000, 0x00000000e6d00000, 0x00000000e6e00000|  0%| F|  |TAMS 0x00000000e6d00000, 0x00000000e6d00000| Untracked 
| 110|0x00000000e6e00000, 0x00000000e6e00000, 0x00000000e6f00000|  0%| F|  |TAMS 0x00000000e6e00000, 0x00000000e6e00000| Untracked 
| 111|0x00000000e6f00000, 0x00000000e6f00000, 0x00000000e7000000|  0%| F|  |TAMS 0x00000000e6f00000, 0x00000000e6f00000| Untracked 
| 112|0x00000000e7000000, 0x00000000e7000000, 0x00000000e7100000|  0%| F|  |TAMS 0x00000000e7000000, 0x00000000e7000000| Untracked 
| 113|0x00000000e7100000, 0x00000000e7100000, 0x00000000e7200000|  0%| F|  |TAMS 0x00000000e7100000, 0x00000000e7100000| Untracked 
| 114|0x00000000e7200000, 0x00000000e7200000, 0x00000000e7300000|  0%| F|  |TAMS 0x00000000e7200000, 0x00000000e7200000| Untracked 
| 115|0x00000000e7300000, 0x00000000e7300000, 0x00000000e7400000|  0%| F|  |TAMS 0x00000000e7300000, 0x00000000e7300000| Untracked 
| 116|0x00000000e7400000, 0x00000000e7400000, 0x00000000e7500000|  0%| F|  |TAMS 0x00000000e7400000, 0x00000000e7400000| Untracked 
| 117|0x00000000e7500000, 0x00000000e7500000, 0x00000000e7600000|  0%| F|  |TAMS 0x00000000e7500000, 0x00000000e7500000| Untracked 
| 118|0x00000000e7600000, 0x00000000e7600000, 0x00000000e7700000|  0%| F|  |TAMS 0x00000000e7600000, 0x00000000e7600000| Untracked 
| 119|0x00000000e7700000, 0x00000000e7700000, 0x00000000e7800000|  0%| F|  |TAMS 0x00000000e7700000, 0x00000000e7700000| Untracked 
| 120|0x00000000e7800000, 0x00000000e7800000, 0x00000000e7900000|  0%| F|  |TAMS 0x00000000e7800000, 0x00000000e7800000| Untracked 
| 121|0x00000000e7900000, 0x00000000e7900000, 0x00000000e7a00000|  0%| F|  |TAMS 0x00000000e7900000, 0x00000000e7900000| Untracked 
| 122|0x00000000e7a00000, 0x00000000e7a00000, 0x00000000e7b00000|  0%| F|  |TAMS 0x00000000e7a00000, 0x00000000e7a00000| Untracked 
| 123|0x00000000e7b00000, 0x00000000e7b00000, 0x00000000e7c00000|  0%| F|  |TAMS 0x00000000e7b00000, 0x00000000e7b00000| Untracked 
| 124|0x00000000e7c00000, 0x00000000e7c00000, 0x00000000e7d00000|  0%| F|  |TAMS 0x00000000e7c00000, 0x00000000e7c00000| Untracked 
| 125|0x00000000e7d00000, 0x00000000e7d00000, 0x00000000e7e00000|  0%| F|  |TAMS 0x00000000e7d00000, 0x00000000e7d00000| Untracked 
| 126|0x00000000e7e00000, 0x00000000e7e00000, 0x00000000e7f00000|  0%| F|  |TAMS 0x00000000e7e00000, 0x00000000e7e00000| Untracked 
| 127|0x00000000e7f00000, 0x00000000e7f00000, 0x00000000e8000000|  0%| F|  |TAMS 0x00000000e7f00000, 0x00000000e7f00000| Untracked 
| 128|0x00000000e8000000, 0x00000000e8000000, 0x00000000e8100000|  0%| F|  |TAMS 0x00000000e8000000, 0x00000000e8000000| Untracked 
| 129|0x00000000e8100000, 0x00000000e8100000, 0x00000000e8200000|  0%| F|  |TAMS 0x00000000e8100000, 0x00000000e8100000| Untracked 
| 130|0x00000000e8200000, 0x00000000e8200000, 0x00000000e8300000|  0%| F|  |TAMS 0x00000000e8200000, 0x00000000e8200000| Untracked 
| 131|0x00000000e8300000, 0x00000000e8300000, 0x00000000e8400000|  0%| F|  |TAMS 0x00000000e8300000, 0x00000000e8300000| Untracked 
| 132|0x00000000e8400000, 0x00000000e8400000, 0x00000000e8500000|  0%| F|  |TAMS 0x00000000e8400000, 0x00000000e8400000| Untracked 
| 133|0x00000000e8500000, 0x00000000e8500000, 0x00000000e8600000|  0%| F|  |TAMS 0x00000000e8500000, 0x00000000e8500000| Untracked 
| 134|0x00000000e8600000, 0x00000000e8600000, 0x00000000e8700000|  0%| F|  |TAMS 0x00000000e8600000, 0x00000000e8600000| Untracked 
| 135|0x00000000e8700000, 0x00000000e8700000, 0x00000000e8800000|  0%| F|  |TAMS 0x00000000e8700000, 0x00000000e8700000| Untracked 
| 136|0x00000000e8800000, 0x00000000e8800000, 0x00000000e8900000|  0%| F|  |TAMS 0x00000000e8800000, 0x00000000e8800000| Untracked 
| 137|0x00000000e8900000, 0x00000000e8900000, 0x00000000e8a00000|  0%| F|  |TAMS 0x00000000e8900000, 0x00000000e8900000| Untracked 
| 138|0x00000000e8a00000, 0x00000000e8a00000, 0x00000000e8b00000|  0%| F|  |TAMS 0x00000000e8a00000, 0x00000000e8a00000| Untracked 
| 139|0x00000000e8b00000, 0x00000000e8b00000, 0x00000000e8c00000|  0%| F|  |TAMS 0x00000000e8b00000, 0x00000000e8b00000| Untracked 
| 140|0x00000000e8c00000, 0x00000000e8c00000, 0x00000000e8d00000|  0%| F|  |TAMS 0x00000000e8c00000, 0x00000000e8c00000| Untracked 
| 141|0x00000000e8d00000, 0x00000000e8d00000, 0x00000000e8e00000|  0%| F|  |TAMS 0x00000000e8d00000, 0x00000000e8d00000| Untracked 
| 142|0x00000000e8e00000, 0x00000000e8e00000, 0x00000000e8f00000|  0%| F|  |TAMS 0x00000000e8e00000, 0x00000000e8e00000| Untracked 
| 143|0x00000000e8f00000, 0x00000000e8f00000, 0x00000000e9000000|  0%| F|  |TAMS 0x00000000e8f00000, 0x00000000e8f00000| Untracked 
| 144|0x00000000e9000000, 0x00000000e9000000, 0x00000000e9100000|  0%| F|  |TAMS 0x00000000e9000000, 0x00000000e9000000| Untracked 
| 145|0x00000000e9100000, 0x00000000e9100000, 0x00000000e9200000|  0%| F|  |TAMS 0x00000000e9100000, 0x00000000e9100000| Untracked 
| 146|0x00000000e9200000, 0x00000000e9200000, 0x00000000e9300000|  0%| F|  |TAMS 0x00000000e9200000, 0x00000000e9200000| Untracked 
| 147|0x00000000e9300000, 0x00000000e9300000, 0x00000000e9400000|  0%| F|  |TAMS 0x00000000e9300000, 0x00000000e9300000| Untracked 
| 148|0x00000000e9400000, 0x00000000e9400000, 0x00000000e9500000|  0%| F|  |TAMS 0x00000000e9400000, 0x00000000e9400000| Untracked 
| 149|0x00000000e9500000, 0x00000000e9500000, 0x00000000e9600000|  0%| F|  |TAMS 0x00000000e9500000, 0x00000000e9500000| Untracked 
| 150|0x00000000e9600000, 0x00000000e9600000, 0x00000000e9700000|  0%| F|  |TAMS 0x00000000e9600000, 0x00000000e9600000| Untracked 
| 151|0x00000000e9700000, 0x00000000e9700000, 0x00000000e9800000|  0%| F|  |TAMS 0x00000000e9700000, 0x00000000e9700000| Untracked 
| 152|0x00000000e9800000, 0x00000000e9800000, 0x00000000e9900000|  0%| F|  |TAMS 0x00000000e9800000, 0x00000000e9800000| Untracked 
| 153|0x00000000e9900000, 0x00000000e9900000, 0x00000000e9a00000|  0%| F|  |TAMS 0x00000000e9900000, 0x00000000e9900000| Untracked 
| 154|0x00000000e9a00000, 0x00000000e9a00000, 0x00000000e9b00000|  0%| F|  |TAMS 0x00000000e9a00000, 0x00000000e9a00000| Untracked 
| 155|0x00000000e9b00000, 0x00000000e9b00000, 0x00000000e9c00000|  0%| F|  |TAMS 0x00000000e9b00000, 0x00000000e9b00000| Untracked 
| 156|0x00000000e9c00000, 0x00000000e9c00000, 0x00000000e9d00000|  0%| F|  |TAMS 0x00000000e9c00000, 0x00000000e9c00000| Untracked 
| 157|0x00000000e9d00000, 0x00000000e9e00000, 0x00000000e9e00000|100%| S|CS|TAMS 0x00000000e9d00000, 0x00000000e9d00000| Complete 
| 158|0x00000000e9e00000, 0x00000000e9f00000, 0x00000000e9f00000|100%| S|CS|TAMS 0x00000000e9e00000, 0x00000000e9e00000| Complete 
| 159|0x00000000e9f00000, 0x00000000ea000000, 0x00000000ea000000|100%| S|CS|TAMS 0x00000000e9f00000, 0x00000000e9f00000| Complete 
| 160|0x00000000ea000000, 0x00000000ea100000, 0x00000000ea100000|100%| S|CS|TAMS 0x00000000ea000000, 0x00000000ea000000| Complete 
| 161|0x00000000ea100000, 0x00000000ea200000, 0x00000000ea200000|100%| S|CS|TAMS 0x00000000ea100000, 0x00000000ea100000| Complete 
| 162|0x00000000ea200000, 0x00000000ea200000, 0x00000000ea300000|  0%| F|  |TAMS 0x00000000ea200000, 0x00000000ea200000| Untracked 
| 163|0x00000000ea300000, 0x00000000ea300000, 0x00000000ea400000|  0%| F|  |TAMS 0x00000000ea300000, 0x00000000ea300000| Untracked 
| 164|0x00000000ea400000, 0x00000000ea400000, 0x00000000ea500000|  0%| F|  |TAMS 0x00000000ea400000, 0x00000000ea400000| Untracked 
| 165|0x00000000ea500000, 0x00000000ea500000, 0x00000000ea600000|  0%| F|  |TAMS 0x00000000ea500000, 0x00000000ea500000| Untracked 
| 166|0x00000000ea600000, 0x00000000ea600000, 0x00000000ea700000|  0%| F|  |TAMS 0x00000000ea600000, 0x00000000ea600000| Untracked 
| 167|0x00000000ea700000, 0x00000000ea700000, 0x00000000ea800000|  0%| F|  |TAMS 0x00000000ea700000, 0x00000000ea700000| Untracked 
| 168|0x00000000ea800000, 0x00000000ea800000, 0x00000000ea900000|  0%| F|  |TAMS 0x00000000ea800000, 0x00000000ea800000| Untracked 
| 169|0x00000000ea900000, 0x00000000ea900000, 0x00000000eaa00000|  0%| F|  |TAMS 0x00000000ea900000, 0x00000000ea900000| Untracked 
| 170|0x00000000eaa00000, 0x00000000eaa00000, 0x00000000eab00000|  0%| F|  |TAMS 0x00000000eaa00000, 0x00000000eaa00000| Untracked 
| 171|0x00000000eab00000, 0x00000000eab00000, 0x00000000eac00000|  0%| F|  |TAMS 0x00000000eab00000, 0x00000000eab00000| Untracked 
| 172|0x00000000eac00000, 0x00000000eac00000, 0x00000000ead00000|  0%| F|  |TAMS 0x00000000eac00000, 0x00000000eac00000| Untracked 
| 173|0x00000000ead00000, 0x00000000ead00000, 0x00000000eae00000|  0%| F|  |TAMS 0x00000000ead00000, 0x00000000ead00000| Untracked 
| 174|0x00000000eae00000, 0x00000000eae00000, 0x00000000eaf00000|  0%| F|  |TAMS 0x00000000eae00000, 0x00000000eae00000| Untracked 
| 175|0x00000000eaf00000, 0x00000000eaf00000, 0x00000000eb000000|  0%| F|  |TAMS 0x00000000eaf00000, 0x00000000eaf00000| Untracked 
| 176|0x00000000eb000000, 0x00000000eb000000, 0x00000000eb100000|  0%| F|  |TAMS 0x00000000eb000000, 0x00000000eb000000| Untracked 
| 177|0x00000000eb100000, 0x00000000eb100000, 0x00000000eb200000|  0%| F|  |TAMS 0x00000000eb100000, 0x00000000eb100000| Untracked 
| 178|0x00000000eb200000, 0x00000000eb200000, 0x00000000eb300000|  0%| F|  |TAMS 0x00000000eb200000, 0x00000000eb200000| Untracked 
| 179|0x00000000eb300000, 0x00000000eb300000, 0x00000000eb400000|  0%| F|  |TAMS 0x00000000eb300000, 0x00000000eb300000| Untracked 
| 180|0x00000000eb400000, 0x00000000eb46cec0, 0x00000000eb500000| 42%| E|  |TAMS 0x00000000eb400000, 0x00000000eb400000| Complete 
| 181|0x00000000eb500000, 0x00000000eb600000, 0x00000000eb600000|100%| E|CS|TAMS 0x00000000eb500000, 0x00000000eb500000| Complete 
| 182|0x00000000eb600000, 0x00000000eb6ff990, 0x00000000eb700000| 99%| E|  |TAMS 0x00000000eb600000, 0x00000000eb600000| Complete 
| 183|0x00000000eb700000, 0x00000000eb800000, 0x00000000eb800000|100%| E|CS|TAMS 0x00000000eb700000, 0x00000000eb700000| Complete 
| 184|0x00000000eb800000, 0x00000000eb900000, 0x00000000eb900000|100%| E|CS|TAMS 0x00000000eb800000, 0x00000000eb800000| Complete 
| 185|0x00000000eb900000, 0x00000000eba00000, 0x00000000eba00000|100%| E|CS|TAMS 0x00000000eb900000, 0x00000000eb900000| Complete 
| 186|0x00000000eba00000, 0x00000000ebb00000, 0x00000000ebb00000|100%| E|CS|TAMS 0x00000000eba00000, 0x00000000eba00000| Complete 
| 187|0x00000000ebb00000, 0x00000000ebc00000, 0x00000000ebc00000|100%| E|CS|TAMS 0x00000000ebb00000, 0x00000000ebb00000| Complete 
| 188|0x00000000ebc00000, 0x00000000ebd00000, 0x00000000ebd00000|100%| E|CS|TAMS 0x00000000ebc00000, 0x00000000ebc00000| Complete 
| 189|0x00000000ebd00000, 0x00000000ebe00000, 0x00000000ebe00000|100%| E|CS|TAMS 0x00000000ebd00000, 0x00000000ebd00000| Complete 
| 190|0x00000000ebe00000, 0x00000000ebf00000, 0x00000000ebf00000|100%| E|CS|TAMS 0x00000000ebe00000, 0x00000000ebe00000| Complete 
| 191|0x00000000ebf00000, 0x00000000ec000000, 0x00000000ec000000|100%| E|CS|TAMS 0x00000000ebf00000, 0x00000000ebf00000| Complete 
| 192|0x00000000ec000000, 0x00000000ec100000, 0x00000000ec100000|100%| E|CS|TAMS 0x00000000ec000000, 0x00000000ec000000| Complete 
| 193|0x00000000ec100000, 0x00000000ec200000, 0x00000000ec200000|100%| E|CS|TAMS 0x00000000ec100000, 0x00000000ec100000| Complete 
| 194|0x00000000ec200000, 0x00000000ec300000, 0x00000000ec300000|100%| E|CS|TAMS 0x00000000ec200000, 0x00000000ec200000| Complete 
| 195|0x00000000ec300000, 0x00000000ec400000, 0x00000000ec400000|100%| E|CS|TAMS 0x00000000ec300000, 0x00000000ec300000| Complete 
| 196|0x00000000ec400000, 0x00000000ec500000, 0x00000000ec500000|100%| E|CS|TAMS 0x00000000ec400000, 0x00000000ec400000| Complete 
| 197|0x00000000ec500000, 0x00000000ec600000, 0x00000000ec600000|100%| E|CS|TAMS 0x00000000ec500000, 0x00000000ec500000| Complete 
| 198|0x00000000ec600000, 0x00000000ec700000, 0x00000000ec700000|100%| E|CS|TAMS 0x00000000ec600000, 0x00000000ec600000| Complete 
| 199|0x00000000ec700000, 0x00000000ec800000, 0x00000000ec800000|100%| E|CS|TAMS 0x00000000ec700000, 0x00000000ec700000| Complete 
| 200|0x00000000ec800000, 0x00000000ec900000, 0x00000000ec900000|100%| E|CS|TAMS 0x00000000ec800000, 0x00000000ec800000| Complete 
| 201|0x00000000ec900000, 0x00000000eca00000, 0x00000000eca00000|100%| E|CS|TAMS 0x00000000ec900000, 0x00000000ec900000| Complete 
| 202|0x00000000eca00000, 0x00000000ecb00000, 0x00000000ecb00000|100%| E|CS|TAMS 0x00000000eca00000, 0x00000000eca00000| Complete 
| 203|0x00000000ecb00000, 0x00000000ecc00000, 0x00000000ecc00000|100%| E|CS|TAMS 0x00000000ecb00000, 0x00000000ecb00000| Complete 
| 204|0x00000000ecc00000, 0x00000000ecd00000, 0x00000000ecd00000|100%| E|CS|TAMS 0x00000000ecc00000, 0x00000000ecc00000| Complete 
| 205|0x00000000ecd00000, 0x00000000ece00000, 0x00000000ece00000|100%| E|CS|TAMS 0x00000000ecd00000, 0x00000000ecd00000| Complete 
| 206|0x00000000ece00000, 0x00000000ecf00000, 0x00000000ecf00000|100%| E|CS|TAMS 0x00000000ece00000, 0x00000000ece00000| Complete 
| 207|0x00000000ecf00000, 0x00000000ed000000, 0x00000000ed000000|100%| E|CS|TAMS 0x00000000ecf00000, 0x00000000ecf00000| Complete 
| 208|0x00000000ed000000, 0x00000000ed100000, 0x00000000ed100000|100%| E|CS|TAMS 0x00000000ed000000, 0x00000000ed000000| Complete 
| 209|0x00000000ed100000, 0x00000000ed200000, 0x00000000ed200000|100%| E|CS|TAMS 0x00000000ed100000, 0x00000000ed100000| Complete 
| 210|0x00000000ed200000, 0x00000000ed300000, 0x00000000ed300000|100%| E|CS|TAMS 0x00000000ed200000, 0x00000000ed200000| Complete 
| 211|0x00000000ed300000, 0x00000000ed400000, 0x00000000ed400000|100%| E|CS|TAMS 0x00000000ed300000, 0x00000000ed300000| Complete 
| 212|0x00000000ed400000, 0x00000000ed500000, 0x00000000ed500000|100%| E|CS|TAMS 0x00000000ed400000, 0x00000000ed400000| Complete 
| 213|0x00000000ed500000, 0x00000000ed600000, 0x00000000ed600000|100%| E|CS|TAMS 0x00000000ed500000, 0x00000000ed500000| Complete 
| 214|0x00000000ed600000, 0x00000000ed700000, 0x00000000ed700000|100%| E|CS|TAMS 0x00000000ed600000, 0x00000000ed600000| Complete 
| 215|0x00000000ed700000, 0x00000000ed800000, 0x00000000ed800000|100%| E|CS|TAMS 0x00000000ed700000, 0x00000000ed700000| Complete 
| 216|0x00000000ed800000, 0x00000000ed900000, 0x00000000ed900000|100%| E|CS|TAMS 0x00000000ed800000, 0x00000000ed800000| Complete 
| 217|0x00000000ed900000, 0x00000000eda00000, 0x00000000eda00000|100%| E|CS|TAMS 0x00000000ed900000, 0x00000000ed900000| Complete 
| 218|0x00000000eda00000, 0x00000000edb00000, 0x00000000edb00000|100%| E|CS|TAMS 0x00000000eda00000, 0x00000000eda00000| Complete 
| 219|0x00000000edb00000, 0x00000000edc00000, 0x00000000edc00000|100%| E|CS|TAMS 0x00000000edb00000, 0x00000000edb00000| Complete 
| 220|0x00000000edc00000, 0x00000000edd00000, 0x00000000edd00000|100%| E|CS|TAMS 0x00000000edc00000, 0x00000000edc00000| Complete 
| 221|0x00000000edd00000, 0x00000000ede00000, 0x00000000ede00000|100%| E|CS|TAMS 0x00000000edd00000, 0x00000000edd00000| Complete 
| 222|0x00000000ede00000, 0x00000000edf00000, 0x00000000edf00000|100%| E|CS|TAMS 0x00000000ede00000, 0x00000000ede00000| Complete 
| 223|0x00000000edf00000, 0x00000000ee000000, 0x00000000ee000000|100%| E|CS|TAMS 0x00000000edf00000, 0x00000000edf00000| Complete 
| 224|0x00000000ee000000, 0x00000000ee100000, 0x00000000ee100000|100%| E|CS|TAMS 0x00000000ee000000, 0x00000000ee000000| Complete 
| 225|0x00000000ee100000, 0x00000000ee200000, 0x00000000ee200000|100%| E|CS|TAMS 0x00000000ee100000, 0x00000000ee100000| Complete 
| 226|0x00000000ee200000, 0x00000000ee300000, 0x00000000ee300000|100%| E|CS|TAMS 0x00000000ee200000, 0x00000000ee200000| Complete 
| 227|0x00000000ee300000, 0x00000000ee400000, 0x00000000ee400000|100%| E|CS|TAMS 0x00000000ee300000, 0x00000000ee300000| Complete 
| 228|0x00000000ee400000, 0x00000000ee500000, 0x00000000ee500000|100%| E|CS|TAMS 0x00000000ee400000, 0x00000000ee400000| Complete 
| 229|0x00000000ee500000, 0x00000000ee600000, 0x00000000ee600000|100%| E|CS|TAMS 0x00000000ee500000, 0x00000000ee500000| Complete 
| 230|0x00000000ee600000, 0x00000000ee700000, 0x00000000ee700000|100%| E|CS|TAMS 0x00000000ee600000, 0x00000000ee600000| Complete 
| 231|0x00000000ee700000, 0x00000000ee800000, 0x00000000ee800000|100%| E|CS|TAMS 0x00000000ee700000, 0x00000000ee700000| Complete 
| 232|0x00000000ee800000, 0x00000000ee900000, 0x00000000ee900000|100%| E|CS|TAMS 0x00000000ee800000, 0x00000000ee800000| Complete 
| 233|0x00000000ee900000, 0x00000000eea00000, 0x00000000eea00000|100%| E|CS|TAMS 0x00000000ee900000, 0x00000000ee900000| Complete 
| 234|0x00000000eea00000, 0x00000000eeb00000, 0x00000000eeb00000|100%| E|CS|TAMS 0x00000000eea00000, 0x00000000eea00000| Complete 
| 235|0x00000000eeb00000, 0x00000000eec00000, 0x00000000eec00000|100%| E|CS|TAMS 0x00000000eeb00000, 0x00000000eeb00000| Complete 
| 236|0x00000000eec00000, 0x00000000eed00000, 0x00000000eed00000|100%| E|CS|TAMS 0x00000000eec00000, 0x00000000eec00000| Complete 
| 237|0x00000000eed00000, 0x00000000eee00000, 0x00000000eee00000|100%| E|CS|TAMS 0x00000000eed00000, 0x00000000eed00000| Complete 
| 238|0x00000000eee00000, 0x00000000eef00000, 0x00000000eef00000|100%| E|CS|TAMS 0x00000000eee00000, 0x00000000eee00000| Complete 
| 239|0x00000000eef00000, 0x00000000ef000000, 0x00000000ef000000|100%| E|CS|TAMS 0x00000000eef00000, 0x00000000eef00000| Complete 
| 240|0x00000000ef000000, 0x00000000ef100000, 0x00000000ef100000|100%| E|CS|TAMS 0x00000000ef000000, 0x00000000ef000000| Complete 
| 241|0x00000000ef100000, 0x00000000ef200000, 0x00000000ef200000|100%| E|CS|TAMS 0x00000000ef100000, 0x00000000ef100000| Complete 
| 242|0x00000000ef200000, 0x00000000ef300000, 0x00000000ef300000|100%| E|CS|TAMS 0x00000000ef200000, 0x00000000ef200000| Complete 
| 243|0x00000000ef300000, 0x00000000ef400000, 0x00000000ef400000|100%| E|CS|TAMS 0x00000000ef300000, 0x00000000ef300000| Complete 
| 244|0x00000000ef400000, 0x00000000ef500000, 0x00000000ef500000|100%| E|CS|TAMS 0x00000000ef400000, 0x00000000ef400000| Complete 
| 245|0x00000000ef500000, 0x00000000ef600000, 0x00000000ef600000|100%| E|CS|TAMS 0x00000000ef500000, 0x00000000ef500000| Complete 
| 246|0x00000000ef600000, 0x00000000ef700000, 0x00000000ef700000|100%| E|CS|TAMS 0x00000000ef600000, 0x00000000ef600000| Complete 
| 247|0x00000000ef700000, 0x00000000ef800000, 0x00000000ef800000|100%| E|CS|TAMS 0x00000000ef700000, 0x00000000ef700000| Complete 
| 248|0x00000000ef800000, 0x00000000ef900000, 0x00000000ef900000|100%| E|CS|TAMS 0x00000000ef800000, 0x00000000ef800000| Complete 
| 249|0x00000000ef900000, 0x00000000efa00000, 0x00000000efa00000|100%| E|CS|TAMS 0x00000000ef900000, 0x00000000ef900000| Complete 
| 250|0x00000000efa00000, 0x00000000efb00000, 0x00000000efb00000|100%| E|CS|TAMS 0x00000000efa00000, 0x00000000efa00000| Complete 
| 251|0x00000000efb00000, 0x00000000efc00000, 0x00000000efc00000|100%| E|CS|TAMS 0x00000000efb00000, 0x00000000efb00000| Complete 
| 252|0x00000000efc00000, 0x00000000efd00000, 0x00000000efd00000|100%| E|CS|TAMS 0x00000000efc00000, 0x00000000efc00000| Complete 
| 253|0x00000000efd00000, 0x00000000efe00000, 0x00000000efe00000|100%| E|CS|TAMS 0x00000000efd00000, 0x00000000efd00000| Complete 
| 254|0x00000000efe00000, 0x00000000eff00000, 0x00000000eff00000|100%| E|CS|TAMS 0x00000000efe00000, 0x00000000efe00000| Complete 
| 255|0x00000000eff00000, 0x00000000f0000000, 0x00000000f0000000|100%| E|CS|TAMS 0x00000000eff00000, 0x00000000eff00000| Complete 

Card table byte_map: [0x000001d6ffd90000,0x000001d6ffe90000] _byte_map_base: 0x000001d6ff690000

Marking Bits (Prev, Next): (CMBitMap*) 0x000001d6f7651778, (CMBitMap*) 0x000001d6f76517b0
 Prev Bits: [0x000001d68f000000, 0x000001d68f800000)
 Next Bits: [0x000001d68f800000, 0x000001d690000000)

Polling page: 0x000001d6f5540000

Metaspace:

Usage:
  Non-class:     67.06 MB capacity,    65.24 MB ( 97%) used,     1.55 MB (  2%) free+waste,   277.00 KB ( <1%) overhead. 
      Class:     10.54 MB capacity,     9.53 MB ( 90%) used,   908.21 KB (  8%) free+waste,   130.56 KB (  1%) overhead. 
       Both:     77.61 MB capacity,    74.77 MB ( 96%) used,     2.43 MB (  3%) free+waste,   407.56 KB ( <1%) overhead. 

Virtual space:
  Non-class space:       68.00 MB reserved,      67.38 MB (>99%) committed 
      Class space:      248.00 MB reserved,      10.70 MB (  4%) committed 
             Both:      316.00 MB reserved,      78.08 MB ( 25%) committed 

Chunk freelists:
   Non-Class:  133.00 KB
       Class:  115.00 KB
        Both:  248.00 KB

MaxMetaspaceSize: 256.00 MB
CompressedClassSpaceSize: 248.00 MB
Initial GC threshold: 20.80 MB
Current GC threshold: 127.21 MB
CDS: off

CodeHeap 'non-profiled nmethods': size=120064Kb used=5953Kb max_used=5953Kb free=114111Kb
 bounds [0x000001d687ac0000, 0x000001d6880a0000, 0x000001d68f000000]
CodeHeap 'profiled nmethods': size=120000Kb used=23082Kb max_used=23082Kb free=96917Kb
 bounds [0x000001d680590000, 0x000001d681c20000, 0x000001d687ac0000]
CodeHeap 'non-nmethods': size=5696Kb used=2350Kb max_used=2405Kb free=3345Kb
 bounds [0x000001d680000000, 0x000001d680270000, 0x000001d680590000]
 total_blobs=11943 nmethods=11073 adapters=781
 compilation: enabled
              stopped_count=0, restarted_count=0
 full_count=0

Compilation events (20 events):
Event: 1079.150 Thread 0x000001d692ecd800 11256       3       java.net.URLClassLoader$1::run (5 bytes)
Event: 1079.150 Thread 0x000001d692ecd800 nmethod 11256 0x000001d681c13610 code [0x000001d681c137c0, 0x000001d681c138e8]
Event: 1079.150 Thread 0x000001d692ecd800 11254       3       java.lang.StackTraceElement::isNativeMethod (15 bytes)
Event: 1079.150 Thread 0x000001d692ecd800 nmethod 11254 0x000001d681c13990 code [0x000001d681c13b40, 0x000001d681c13c98]
Event: 1079.150 Thread 0x000001d692ecd800 11252       3       java.lang.StackTraceElement::toString (322 bytes)
Event: 1079.156 Thread 0x000001d692ecd800 nmethod 11252 0x000001d681c13d10 code [0x000001d681c14460, 0x000001d681c18058]
Event: 1079.156 Thread 0x000001d692ecd800 11253       3       java.lang.StackTraceElement::dropClassLoaderName (16 bytes)
Event: 1079.157 Thread 0x000001d692ecd800 nmethod 11253 0x000001d681c19310 code [0x000001d681c194c0, 0x000001d681c19618]
Event: 1079.157 Thread 0x000001d692ecd800 11257       3       java.io.Writer::<init> (10 bytes)
Event: 1079.157 Thread 0x000001d692ecd800 nmethod 11257 0x000001d681c19690 code [0x000001d681c19840, 0x000001d681c199f8]
Event: 1079.157 Thread 0x000001d692ecd800 11255   !   3       java.io.PrintWriter::newLine (65 bytes)
Event: 1079.157 Thread 0x000001d692ecd800 nmethod 11255 0x000001d681c19a90 code [0x000001d681c19cc0, 0x000001d681c1a438]
Event: 1079.158 Thread 0x000001d692ecd800 11258       1       org.gradle.internal.logging.events.StyledTextOutputEvent$Span::getStyle (5 bytes)
Event: 1079.158 Thread 0x000001d692ecd800 nmethod 11258 0x000001d68808fb10 code [0x000001d68808fcc0, 0x000001d68808fd78]
Event: 1079.158 Thread 0x000001d692ecd800 11259       1       org.gradle.internal.logging.events.StyledTextOutputEvent$Span::getText (5 bytes)
Event: 1079.158 Thread 0x000001d692ecd800 nmethod 11259 0x000001d68808fe10 code [0x000001d68808ffc0, 0x000001d688090078]
Event: 1079.165 Thread 0x000001d692ecd800 11260       3       java.util.Formatter$Conversion::isText (32 bytes)
Event: 1079.165 Thread 0x000001d692ecd800 nmethod 11260 0x000001d681c1a790 code [0x000001d681c1a940, 0x000001d681c1aa98]
Event: 1079.167 Thread 0x000001d692ecd800 11261       1       org.gradle.api.internal.tasks.testing.AbstractTestDescriptor::getName (5 bytes)
Event: 1079.167 Thread 0x000001d692ecd800 nmethod 11261 0x000001d688090110 code [0x000001d6880902c0, 0x000001d688090378]

GC Heap History (20 events):
Event: 2.001 GC heap before
{Heap before GC invocations=2 (full 0):
 garbage-first heap   total 262144K, used 37019K [0x00000000e0000000, 0x0000000100000000)
  region size 1024K, 28 young (28672K), 2 survivors (2048K)
 Metaspace       used 11230K, capacity 11507K, committed 11776K, reserved 266240K
  class space    used 1146K, capacity 1242K, committed 1280K, reserved 253952K
}
Event: 2.005 GC heap after
{Heap after GC invocations=3 (full 0):
 garbage-first heap   total 262144K, used 11225K [0x00000000e0000000, 0x0000000100000000)
  region size 1024K, 4 young (4096K), 4 survivors (4096K)
 Metaspace       used 11230K, capacity 11507K, committed 11776K, reserved 266240K
  class space    used 1146K, capacity 1242K, committed 1280K, reserved 253952K
}
Event: 3.782 GC heap before
{Heap before GC invocations=3 (full 0):
 garbage-first heap   total 262144K, used 51161K [0x00000000e0000000, 0x0000000100000000)
  region size 1024K, 43 young (44032K), 4 survivors (4096K)
 Metaspace       used 17617K, capacity 18036K, committed 18304K, reserved 270336K
  class space    used 2037K, capacity 2145K, committed 2176K, reserved 253952K
}
Event: 3.791 GC heap after
{Heap after GC invocations=4 (full 0):
 garbage-first heap   total 262144K, used 16175K [0x00000000e0000000, 0x0000000100000000)
  region size 1024K, 6 young (6144K), 6 survivors (6144K)
 Metaspace       used 17617K, capacity 18036K, committed 18304K, reserved 270336K
  class space    used 2037K, capacity 2145K, committed 2176K, reserved 253952K
}
Event: 4.213 GC heap before
{Heap before GC invocations=4 (full 0):
 garbage-first heap   total 262144K, used 44847K [0x00000000e0000000, 0x0000000100000000)
  region size 1024K, 35 young (35840K), 6 survivors (6144K)
 Metaspace       used 20759K, capacity 21150K, committed 21296K, reserved 274432K
  class space    used 2513K, capacity 2651K, committed 2688K, reserved 253952K
}
Event: 4.223 GC heap after
{Heap after GC invocations=5 (full 0):
 garbage-first heap   total 262144K, used 17345K [0x00000000e0000000, 0x0000000100000000)
  region size 1024K, 2 young (2048K), 2 survivors (2048K)
 Metaspace       used 20759K, capacity 21150K, committed 21296K, reserved 274432K
  class space    used 2513K, capacity 2651K, committed 2688K, reserved 253952K
}
Event: 5.216 GC heap before
{Heap before GC invocations=6 (full 0):
 garbage-first heap   total 262144K, used 74689K [0x00000000e0000000, 0x0000000100000000)
  region size 1024K, 58 young (59392K), 2 survivors (2048K)
 Metaspace       used 26911K, capacity 27548K, committed 27772K, reserved 278528K
  class space    used 3486K, capacity 3734K, committed 3788K, reserved 253952K
}
Event: 5.225 GC heap after
{Heap after GC invocations=7 (full 0):
 garbage-first heap   total 262144K, used 19263K [0x00000000e0000000, 0x0000000100000000)
  region size 1024K, 3 young (3072K), 3 survivors (3072K)
 Metaspace       used 26911K, capacity 27548K, committed 27772K, reserved 278528K
  class space    used 3486K, capacity 3734K, committed 3788K, reserved 253952K
}
Event: 6.949 GC heap before
{Heap before GC invocations=7 (full 0):
 garbage-first heap   total 262144K, used 88895K [0x00000000e0000000, 0x0000000100000000)
  region size 1024K, 72 young (73728K), 3 survivors (3072K)
 Metaspace       used 35089K, capacity 35944K, committed 36048K, reserved 286720K
  class space    used 4559K, capacity 4919K, committed 4940K, reserved 253952K
}
Event: 6.961 GC heap after
{Heap after GC invocations=8 (full 0):
 garbage-first heap   total 262144K, used 22589K [0x00000000e0000000, 0x0000000100000000)
  region size 1024K, 7 young (7168K), 7 survivors (7168K)
 Metaspace       used 35089K, capacity 35944K, committed 36048K, reserved 286720K
  class space    used 4559K, capacity 4919K, committed 4940K, reserved 253952K
}
Event: 8.907 GC heap before
{Heap before GC invocations=9 (full 0):
 garbage-first heap   total 262144K, used 129085K [0x00000000e0000000, 0x0000000100000000)
  region size 1024K, 108 young (110592K), 7 survivors (7168K)
 Metaspace       used 45374K, capacity 46445K, committed 46544K, reserved 294912K
  class space    used 5758K, capacity 6145K, committed 6220K, reserved 253952K
}
Event: 8.947 GC heap after
{Heap after GC invocations=10 (full 0):
 garbage-first heap   total 262144K, used 29471K [0x00000000e0000000, 0x0000000100000000)
  region size 1024K, 13 young (13312K), 13 survivors (13312K)
 Metaspace       used 45374K, capacity 46445K, committed 46544K, reserved 294912K
  class space    used 5758K, capacity 6145K, committed 6220K, reserved 253952K
}
Event: 11.539 GC heap before
{Heap before GC invocations=11 (full 0):
 garbage-first heap   total 262144K, used 172831K [0x00000000e0000000, 0x0000000100000000)
  region size 1024K, 153 young (156672K), 13 survivors (13312K)
 Metaspace       used 54970K, capacity 56679K, committed 56912K, reserved 303104K
  class space    used 7201K, capacity 7848K, committed 7884K, reserved 253952K
}
Event: 11.572 GC heap after
{Heap after GC invocations=12 (full 0):
 garbage-first heap   total 262144K, used 37963K [0x00000000e0000000, 0x0000000100000000)
  region size 1024K, 19 young (19456K), 19 survivors (19456K)
 Metaspace       used 54970K, capacity 56679K, committed 56912K, reserved 303104K
  class space    used 7201K, capacity 7848K, committed 7884K, reserved 253952K
}
Event: 15.469 GC heap before
{Heap before GC invocations=12 (full 0):
 garbage-first heap   total 262144K, used 174155K [0x00000000e0000000, 0x0000000100000000)
  region size 1024K, 153 young (156672K), 19 survivors (19456K)
 Metaspace       used 67141K, capacity 69458K, committed 69584K, reserved 315392K
  class space    used 8797K, capacity 9682K, committed 9804K, reserved 253952K
}
Event: 15.546 GC heap after
{Heap after GC invocations=13 (full 0):
 garbage-first heap   total 262144K, used 53551K [0x00000000e0000000, 0x0000000100000000)
  region size 1024K, 20 young (20480K), 20 survivors (20480K)
 Metaspace       used 67141K, capacity 69458K, committed 69584K, reserved 315392K
  class space    used 8797K, capacity 9682K, committed 9804K, reserved 253952K
}
Event: 230.224 GC heap before
{Heap before GC invocations=13 (full 0):
 garbage-first heap   total 262144K, used 188719K [0x00000000e0000000, 0x0000000100000000)
  region size 1024K, 153 young (156672K), 20 survivors (20480K)
 Metaspace       used 72817K, capacity 75652K, committed 75984K, reserved 319488K
  class space    used 9456K, capacity 10477K, committed 10572K, reserved 253952K
}
Event: 230.479 GC heap after
{Heap after GC invocations=14 (full 0):
 garbage-first heap   total 262144K, used 60416K [0x00000000e0000000, 0x0000000100000000)
  region size 1024K, 11 young (11264K), 11 survivors (11264K)
 Metaspace       used 72817K, capacity 75652K, committed 75984K, reserved 319488K
  class space    used 9456K, capacity 10477K, committed 10572K, reserved 253952K
}
Event: 1063.815 GC heap before
{Heap before GC invocations=14 (full 0):
 garbage-first heap   total 262144K, used 154624K [0x00000000e0000000, 0x0000000100000000)
  region size 1024K, 105 young (107520K), 11 survivors (11264K)
 Metaspace       used 75016K, capacity 77817K, committed 77904K, reserved 321536K
  class space    used 9638K, capacity 10672K, committed 10700K, reserved 253952K
}
Event: 1063.971 GC heap after
{Heap after GC invocations=15 (full 0):
 garbage-first heap   total 262144K, used 60928K [0x00000000e0000000, 0x0000000100000000)
  region size 1024K, 5 young (5120K), 5 survivors (5120K)
 Metaspace       used 75016K, capacity 77817K, committed 77904K, reserved 321536K
  class space    used 9638K, capacity 10672K, committed 10700K, reserved 253952K
}

Deoptimization events (20 events):
Event: 1078.933 Thread 0x000001d69943f000 Uncommon trap: trap_request=0xffffff4d fr.pc=0x000001d687e1e3a8 relative=0x0000000000006f68
Event: 1078.933 Thread 0x000001d69943f000 Uncommon trap: reason=unstable_if action=reinterpret pc=0x000001d687e1e3a8 method=java.lang.ref.SoftReference.get()Ljava/lang/Object; @ 6 c2
Event: 1078.933 Thread 0x000001d69943f000 DEOPT PACKING pc=0x000001d687e1e3a8 sp=0x000000c8964fc4a0
Event: 1078.933 Thread 0x000001d69943f000 DEOPT UNPACKING pc=0x000001d68004a1af sp=0x000000c8964fc278 mode 2
Event: 1079.105 Thread 0x000001d699abc800 Uncommon trap: trap_request=0xffffffc6 fr.pc=0x000001d687e2d4f8 relative=0x00000000000004f8
Event: 1079.105 Thread 0x000001d699abc800 Uncommon trap: reason=bimorphic_or_optimized_type_check action=maybe_recompile pc=0x000001d687e2d4f8 method=org.codehaus.groovy.util.SingleKeyHashMap.get(Ljava/lang/Object;)Ljava/lang/Object; @ 1 c2
Event: 1079.105 Thread 0x000001d699abc800 DEOPT PACKING pc=0x000001d687e2d4f8 sp=0x000000c8958f74d0
Event: 1079.105 Thread 0x000001d699abc800 DEOPT UNPACKING pc=0x000001d68004a1af sp=0x000000c8958f7470 mode 2
Event: 1079.124 Thread 0x000001d699abc800 Uncommon trap: trap_request=0xffffff4d fr.pc=0x000001d687e265f4 relative=0x0000000000003374
Event: 1079.124 Thread 0x000001d699abc800 Uncommon trap: reason=unstable_if action=reinterpret pc=0x000001d687e265f4 method=java.lang.ref.SoftReference.get()Ljava/lang/Object; @ 6 c2
Event: 1079.124 Thread 0x000001d699abc800 DEOPT PACKING pc=0x000001d687e265f4 sp=0x000000c8958fa320
Event: 1079.125 Thread 0x000001d699abc800 DEOPT UNPACKING pc=0x000001d68004a1af sp=0x000000c8958fa208 mode 2
Event: 1079.125 Thread 0x000001d698cf1800 Uncommon trap: trap_request=0xffffff4d fr.pc=0x000001d688015a68 relative=0x0000000000000788
Event: 1079.125 Thread 0x000001d698cf1800 Uncommon trap: reason=unstable_if action=reinterpret pc=0x000001d688015a68 method=com.esotericsoftware.kryo.io.Output.writeUtf8Length(I)V @ 42 c2
Event: 1079.125 Thread 0x000001d698cf1800 DEOPT PACKING pc=0x000001d688015a68 sp=0x000000c8911fedf0
Event: 1079.125 Thread 0x000001d698cf1800 DEOPT UNPACKING pc=0x000001d68004a1af sp=0x000000c8911fedb8 mode 2
Event: 1079.133 Thread 0x000001d699abc800 Uncommon trap: trap_request=0xffffff4d fr.pc=0x000001d687f77770 relative=0x0000000000001470
Event: 1079.133 Thread 0x000001d699abc800 Uncommon trap: reason=unstable_if action=reinterpret pc=0x000001d687f77770 method=java.util.regex.Pattern.escape(ZZZ)I @ 916 c2
Event: 1079.134 Thread 0x000001d699abc800 DEOPT PACKING pc=0x000001d687f77770 sp=0x000000c8958fc010
Event: 1079.134 Thread 0x000001d699abc800 DEOPT UNPACKING pc=0x000001d68004a1af sp=0x000000c8958fbfc0 mode 2

Classes redefined (0 events):
No events

Internal exceptions (20 events):
Event: 1068.051 Thread 0x000001d698cee800 Exception <a 'java/lang/NoSuchMethodError'{0x00000000ec82d6d8}: <clinit>> (0x00000000ec82d6d8) thrown at [./src/hotspot/share/prims/jni.cpp, line 1367]
Event: 1068.055 Thread 0x000001d698cee800 Exception <a 'java/lang/NoSuchMethodError'{0x00000000ec83bcc8}: <clinit>> (0x00000000ec83bcc8) thrown at [./src/hotspot/share/prims/jni.cpp, line 1367]
Event: 1068.057 Thread 0x000001d698cee800 Exception <a 'java/lang/NoSuchMethodError'{0x00000000ec845588}: <clinit>> (0x00000000ec845588) thrown at [./src/hotspot/share/prims/jni.cpp, line 1367]
Event: 1068.079 Thread 0x000001d698cf2800 Implicit null exception at 0x000001d687ff0421 to 0x000001d687ff639c
Event: 1069.115 Thread 0x000001d699ac7000 Exception <a 'java/lang/NoSuchMethodError'{0x00000000ebae77e8}: <clinit>> (0x00000000ebae77e8) thrown at [./src/hotspot/share/prims/jni.cpp, line 1367]
Event: 1069.122 Thread 0x000001d699ac7000 Exception <a 'java/lang/NoSuchMethodError'{0x00000000ebafadc0}: <clinit>> (0x00000000ebafadc0) thrown at [./src/hotspot/share/prims/jni.cpp, line 1367]
Event: 1069.122 Thread 0x000001d699ac7000 Exception <a 'java/lang/NoSuchMethodError'{0x00000000ebafcde8}: <clinit>> (0x00000000ebafcde8) thrown at [./src/hotspot/share/prims/jni.cpp, line 1367]
Event: 1074.422 Thread 0x000001d699abc800 Exception <a 'java/lang/ClassNotFoundException'{0x00000000eb83d778}: groovy/runtime/metaclass/[BMetaClass> (0x00000000eb83d778) thrown at [./src/hotspot/share/prims/jni.cpp, line 638]
Event: 1078.933 Thread 0x000001d69943f000 Implicit null exception at 0x000001d687e18410 to 0x000001d687e1e378
Event: 1079.038 Thread 0x000001d699abc800 Exception <a 'java/lang/ClassNotFoundException'{0x00000000eb7da848}: org/gradle/internal/serialize/PlaceholderExceptionBeanInfo> (0x00000000eb7da848) thrown at [./src/hotspot/share/classfile/systemDictionary.cpp, line 230]
Event: 1079.040 Thread 0x000001d699abc800 Exception <a 'java/lang/ClassNotFoundException'{0x00000000eb7e48e8}: java/lang/RuntimeExceptionBeanInfo> (0x00000000eb7e48e8) thrown at [./src/hotspot/share/classfile/systemDictionary.cpp, line 230]
Event: 1079.045 Thread 0x000001d699abc800 Exception <a 'java/lang/ClassNotFoundException'{0x00000000eb7ee390}: java/lang/ExceptionBeanInfo> (0x00000000eb7ee390) thrown at [./src/hotspot/share/classfile/systemDictionary.cpp, line 230]
Event: 1079.046 Thread 0x000001d699abc800 Exception <a 'java/lang/ClassNotFoundException'{0x00000000eb7f7e70}: java/lang/ThrowableBeanInfo> (0x00000000eb7f7e70) thrown at [./src/hotspot/share/classfile/systemDictionary.cpp, line 230]
Event: 1079.049 Thread 0x000001d699abc800 Exception <a 'java/lang/ClassNotFoundException'{0x00000000eb601bb8}: java/lang/ThrowableCustomizer> (0x00000000eb601bb8) thrown at [./src/hotspot/share/classfile/systemDictionary.cpp, line 230]
Event: 1079.056 Thread 0x000001d699abc800 Exception <a 'java/lang/ClassNotFoundException'{0x00000000eb617398}: java/lang/ExceptionCustomizer> (0x00000000eb617398) thrown at [./src/hotspot/share/classfile/systemDictionary.cpp, line 230]
Event: 1079.058 Thread 0x000001d699abc800 Exception <a 'java/lang/ClassNotFoundException'{0x00000000eb623ec8}: java/lang/RuntimeExceptionCustomizer> (0x00000000eb623ec8) thrown at [./src/hotspot/share/classfile/systemDictionary.cpp, line 230]
Event: 1079.064 Thread 0x000001d699abc800 Exception <a 'java/lang/ClassNotFoundException'{0x00000000eb63e098}: org/gradle/internal/serialize/PlaceholderExceptionCustomizer> (0x00000000eb63e098) thrown at [./src/hotspot/share/classfile/systemDictionary.cpp, line 230]
Event: 1079.076 Thread 0x000001d699abc800 Exception <a 'java/lang/ClassNotFoundException'{0x00000000eb672378}: java/io/PrintWriterBeanInfo> (0x00000000eb672378) thrown at [./src/hotspot/share/classfile/systemDictionary.cpp, line 230]
Event: 1079.080 Thread 0x000001d699abc800 Exception <a 'java/lang/ClassNotFoundException'{0x00000000eb67bde0}: java/io/PrintWriterCustomizer> (0x00000000eb67bde0) thrown at [./src/hotspot/share/classfile/systemDictionary.cpp, line 230]
Event: 1079.124 Thread 0x000001d699abc800 Implicit null exception at 0x000001d687e233a9 to 0x000001d687e265e0

Events (20 events):
Event: 1079.088 loading class groovy/lang/GroovyRuntimeException
Event: 1079.088 loading class groovy/lang/GroovyRuntimeException done
Event: 1079.089 Executing VM operation: RevokeBias
Event: 1079.089 Executing VM operation: RevokeBias done
Event: 1079.096 loading class groovy/runtime/metaclass/org/gradle/api/tasks/testing/TestResult$ResultTypeMetaClass
Event: 1079.096 loading class groovy/runtime/metaclass/org/gradle/api/tasks/testing/TestResult$ResultTypeMetaClass done
Event: 1079.102 loading class groovy/runtime/metaclass/IJTestEventLogger$_logTestEvent_closure1$_closure3$_closure5MetaClass
Event: 1079.102 loading class groovy/runtime/metaclass/IJTestEventLogger$_logTestEvent_closure1$_closure3$_closure5MetaClass done
Event: 1079.122 loading class org/gradle/api/internal/tasks/testing/logging/StackTraceFilter
Event: 1079.122 loading class org/gradle/api/internal/tasks/testing/logging/StackTraceFilter done
Event: 1079.129 loading class org/gradle/api/internal/tasks/testing/logging/ClassMethodNameStackTraceSpec
Event: 1079.129 loading class org/gradle/api/internal/tasks/testing/logging/ClassMethodNameStackTraceSpec done
Event: 1079.138 loading class java/util/ArrayList$SubList$1
Event: 1079.139 loading class java/util/ArrayList$SubList$1 done
Event: 1079.140 loading class org/gradle/api/internal/tasks/testing/logging/AbstractTestLogger$1
Event: 1079.140 loading class org/gradle/api/internal/tasks/testing/logging/AbstractTestLogger$1 done
Event: 1079.150 loading class org/gradle/api/internal/tasks/testing/junit/result/TestFailure
Event: 1079.150 loading class org/gradle/api/internal/tasks/testing/junit/result/TestFailure done
Event: 1079.156 loading class org/codehaus/groovy/runtime/ArrayUtil
Event: 1079.156 loading class org/codehaus/groovy/runtime/ArrayUtil done


Dynamic libraries:
0x00007ff7a8cf0000 - 0x00007ff7a8cfd000 	C:\Users\leroc\.jdks\corretto-11.0.18\bin\java.exe
0x00007ffb86030000 - 0x00007ffb86228000 	C:\Windows\SYSTEM32\ntdll.dll
0x00007ffb85c60000 - 0x00007ffb85d1f000 	C:\Windows\System32\KERNEL32.DLL
0x00007ffb83d90000 - 0x00007ffb84086000 	C:\Windows\System32\KERNELBASE.dll
0x00007ffb838b0000 - 0x00007ffb839b0000 	C:\Windows\System32\ucrtbase.dll
0x00007ffb6b6b0000 - 0x00007ffb6b6c7000 	C:\Users\leroc\.jdks\corretto-11.0.18\bin\jli.dll
0x00007ffb65be0000 - 0x00007ffb65bf9000 	C:\Users\leroc\.jdks\corretto-11.0.18\bin\VCRUNTIME140.dll
0x00007ffb85d90000 - 0x00007ffb85f2d000 	C:\Windows\System32\USER32.dll
0x00007ffb83710000 - 0x00007ffb83732000 	C:\Windows\System32\win32u.dll
0x00007ffb6c060000 - 0x00007ffb6c2fa000 	C:\Windows\WinSxS\amd64_microsoft.windows.common-controls_6595b64144ccf1df_6.0.19041.1110_none_60b5254171f9507e\COMCTL32.dll
0x00007ffb85d20000 - 0x00007ffb85d4c000 	C:\Windows\System32\GDI32.dll
0x00007ffb84a20000 - 0x00007ffb84abe000 	C:\Windows\System32\msvcrt.dll
0x00007ffb83740000 - 0x00007ffb83855000 	C:\Windows\System32\gdi32full.dll
0x00007ffb83cc0000 - 0x00007ffb83d5d000 	C:\Windows\System32\msvcp_win.dll
0x00007ffb85d50000 - 0x00007ffb85d80000 	C:\Windows\System32\IMM32.DLL
0x000000005e000000 - 0x000000005e00c000 	C:\Program Files (x86)\360\Total Security\safemon\SafeWrapper.dll
0x00007ffb85f30000 - 0x00007ffb85fdf000 	C:\Windows\System32\ADVAPI32.dll
0x00007ffb84090000 - 0x00007ffb8412c000 	C:\Windows\System32\sechost.dll
0x00007ffb843e0000 - 0x00007ffb84506000 	C:\Windows\System32\RPCRT4.dll
0x00007ffb62870000 - 0x00007ffb62902000 	C:\Program Files (x86)\360\Total Security\safemon\libzdtp64.dll
0x00007ffb85510000 - 0x00007ffb85c54000 	C:\Windows\System32\SHELL32.dll
0x00007ffb84d60000 - 0x00007ffb84db5000 	C:\Windows\System32\SHLWAPI.dll
0x00007ffb831c0000 - 0x00007ffb831ca000 	C:\Windows\SYSTEM32\VERSION.dll
0x00007ffb61500000 - 0x00007ffb6159b000 	C:\Users\leroc\.jdks\corretto-11.0.18\bin\msvcp140.dll
0x00007ffb1cb40000 - 0x00007ffb1d6ca000 	C:\Users\leroc\.jdks\corretto-11.0.18\bin\server\jvm.dll
0x00007ffb85fe0000 - 0x00007ffb85fe8000 	C:\Windows\System32\PSAPI.DLL
0x00007ffb7a010000 - 0x00007ffb7a037000 	C:\Windows\SYSTEM32\WINMM.dll
0x00007ffb7c940000 - 0x00007ffb7c949000 	C:\Windows\SYSTEM32\WSOCK32.dll
0x00007ffb84b50000 - 0x00007ffb84bbb000 	C:\Windows\System32\WS2_32.dll
0x00007ffb81ef0000 - 0x00007ffb81f02000 	C:\Windows\SYSTEM32\kernel.appcore.dll
0x00007ffb6edf0000 - 0x00007ffb6ee00000 	C:\Users\leroc\.jdks\corretto-11.0.18\bin\verify.dll
0x00007ffb81ce0000 - 0x00007ffb81ec4000 	C:\Windows\SYSTEM32\DBGHELP.DLL
0x00007ffb5dd40000 - 0x00007ffb5dd74000 	C:\Windows\SYSTEM32\dbgcore.DLL
0x00007ffb83b80000 - 0x00007ffb83c02000 	C:\Windows\System32\bcryptPrimitives.dll
0x00007ffb65b70000 - 0x00007ffb65b98000 	C:\Users\leroc\.jdks\corretto-11.0.18\bin\java.dll
0x00007ffb6ed20000 - 0x00007ffb6ed2a000 	C:\Users\leroc\.jdks\corretto-11.0.18\bin\jimage.dll
0x00007ffb65bc0000 - 0x00007ffb65bd8000 	C:\Users\leroc\.jdks\corretto-11.0.18\bin\zip.dll
0x00007ffb81280000 - 0x00007ffb81a13000 	C:\Windows\SYSTEM32\windows.storage.dll
0x00007ffb84510000 - 0x00007ffb84864000 	C:\Windows\System32\combase.dll
0x00007ffb83020000 - 0x00007ffb8304e000 	C:\Windows\SYSTEM32\Wldp.dll
0x00007ffb85460000 - 0x00007ffb8550d000 	C:\Windows\System32\SHCORE.dll
0x00007ffb83650000 - 0x00007ffb8366f000 	C:\Windows\SYSTEM32\profapi.dll
0x00007ffb65b00000 - 0x00007ffb65b19000 	C:\Users\leroc\.jdks\corretto-11.0.18\bin\net.dll
0x00007ffb79b40000 - 0x00007ffb79c4a000 	C:\Windows\SYSTEM32\WINHTTP.dll
0x00007ffb82d80000 - 0x00007ffb82dea000 	C:\Windows\system32\mswsock.dll
0x00007ffb65a30000 - 0x00007ffb65a43000 	C:\Users\leroc\.jdks\corretto-11.0.18\bin\nio.dll
0x00007ffb62d90000 - 0x00007ffb62db7000 	C:\Users\leroc\.gradle\native\e1d6ef7f7dcc3fd88c89a11ec53ec762bb8ba0a96d01ffa2cd45eb1d1d8dd5c5\windows-amd64\native-platform.dll
0x00007ffb5fae0000 - 0x00007ffb5fc24000 	C:\Users\leroc\.gradle\native\0d407fdbe67a94daf76414ababcb853783967236a71b16ec16e742cd7a986fd3\windows-amd64\native-platform-file-events.dll
0x00007ffb65820000 - 0x00007ffb65829000 	C:\Users\leroc\.jdks\corretto-11.0.18\bin\management.dll
0x00007ffb63510000 - 0x00007ffb6351b000 	C:\Users\leroc\.jdks\corretto-11.0.18\bin\management_ext.dll
0x00007ffb82f70000 - 0x00007ffb82f88000 	C:\Windows\SYSTEM32\CRYPTSP.dll
0x00007ffb826a0000 - 0x00007ffb826d4000 	C:\Windows\system32\rsaenh.dll
0x00007ffb83d60000 - 0x00007ffb83d87000 	C:\Windows\System32\bcrypt.dll
0x00007ffb83610000 - 0x00007ffb8363e000 	C:\Windows\SYSTEM32\USERENV.dll
0x00007ffb82f90000 - 0x00007ffb82f9c000 	C:\Windows\SYSTEM32\CRYPTBASE.dll
0x00007ffb82a70000 - 0x00007ffb82aac000 	C:\Windows\SYSTEM32\IPHLPAPI.DLL
0x00007ffb84b40000 - 0x00007ffb84b48000 	C:\Windows\System32\NSI.dll
0x00007ffb79e00000 - 0x00007ffb79e17000 	C:\Windows\SYSTEM32\dhcpcsvc6.DLL
0x00007ffb78530000 - 0x00007ffb7854d000 	C:\Windows\SYSTEM32\dhcpcsvc.DLL
0x00007ffb82ab0000 - 0x00007ffb82b7b000 	C:\Windows\SYSTEM32\DNSAPI.dll

dbghelp: loaded successfully - version: 4.0.5 - missing functions: none
symbol engine: initialized successfully - sym options: 0x614 - pdb path: .;C:\Users\leroc\.jdks\corretto-11.0.18\bin;C:\Windows\SYSTEM32;C:\Windows\WinSxS\amd64_microsoft.windows.common-controls_6595b64144ccf1df_6.0.19041.1110_none_60b5254171f9507e;C:\Program Files (x86)\360\Total Security\safemon;C:\Users\leroc\.jdks\corretto-11.0.18\bin\server;C:\Users\leroc\.gradle\native\e1d6ef7f7dcc3fd88c89a11ec53ec762bb8ba0a96d01ffa2cd45eb1d1d8dd5c5\windows-amd64;C:\Users\leroc\.gradle\native\0d407fdbe67a94daf76414ababcb853783967236a71b16ec16e742cd7a986fd3\windows-amd64

VM Arguments:
jvm_args: --add-opens=java.base/java.util=ALL-UNNAMED --add-opens=java.base/java.lang=ALL-UNNAMED --add-opens=java.base/java.lang.invoke=ALL-UNNAMED --add-opens=java.base/java.util=ALL-UNNAMED --add-opens=java.prefs/java.util.prefs=ALL-UNNAMED --add-opens=java.prefs/java.util.prefs=ALL-UNNAMED --add-opens=java.base/java.nio.charset=ALL-UNNAMED --add-opens=java.base/java.net=ALL-UNNAMED --add-opens=java.base/java.util.concurrent.atomic=ALL-UNNAMED -XX:MaxMetaspaceSize=256m -XX:+HeapDumpOnOutOfMemoryError -Xms256m -Xmx512m -Dfile.encoding=windows-1251 -Duser.country=RU -Duser.language=ru -Duser.variant 
java_command: org.gradle.launcher.daemon.bootstrap.GradleDaemon 7.5.1
java_class_path (initial): C:\Users\leroc\.gradle\wrapper\dists\gradle-7.5.1-bin\7jzzequgds1hbszbhq3npc5ng\gradle-7.5.1\lib\gradle-launcher-7.5.1.jar
Launcher Type: SUN_STANDARD

[Global flags]
     intx CICompilerCount                          = 3                                         {product} {ergonomic}
   size_t CompressedClassSpaceSize                 = 260046848                                 {product} {ergonomic}
     uint ConcGCThreads                            = 1                                         {product} {ergonomic}
     uint G1ConcRefinementThreads                  = 4                                         {product} {ergonomic}
   size_t G1HeapRegionSize                         = 1048576                                   {product} {ergonomic}
    uintx GCDrainStackTargetSize                   = 64                                        {product} {ergonomic}
     bool HeapDumpOnOutOfMemoryError               = true                                   {manageable} {command line}
   size_t InitialHeapSize                          = 268435456                                 {product} {command line}
   size_t MarkStackSize                            = 4194304                                   {product} {ergonomic}
   size_t MaxHeapSize                              = 536870912                                 {product} {command line}
   size_t MaxMetaspaceSize                         = 268435456                                 {product} {command line}
   size_t MaxNewSize                               = 321912832                                 {product} {ergonomic}
   size_t MinHeapDeltaBytes                        = 1048576                                   {product} {ergonomic}
    uintx NonNMethodCodeHeapSize                   = 5830732                                {pd product} {ergonomic}
    uintx NonProfiledCodeHeapSize                  = 122913754                              {pd product} {ergonomic}
    uintx ProfiledCodeHeapSize                     = 122913754                              {pd product} {ergonomic}
    uintx ReservedCodeCacheSize                    = 251658240                              {pd product} {ergonomic}
     bool SegmentedCodeCache                       = true                                      {product} {ergonomic}
     bool UseCompressedClassPointers               = true                                 {lp64_product} {ergonomic}
     bool UseCompressedOops                        = true                                 {lp64_product} {ergonomic}
     bool UseG1GC                                  = true                                      {product} {ergonomic}
     bool UseLargePagesIndividualAllocation        = false                                  {pd product} {ergonomic}

Logging:
Log output configuration:
 #0: stdout all=warning uptime,level,tags
 #1: stderr all=off uptime,level,tags

Environment Variables:
PATH=C:\Program Files\Common Files\Oracle\Java\javapath;C:\Program Files\Eclipse Adoptium\jdk-11.0.17.8-hotspot\bin;C:\Program Files (x86)\Common Files\Intel\Shared Files\cpp\bin\Intel64;C:\Windows\system32;C:\Windows;C:\Windows\System32\Wbem;C:\Windows\System32\WindowsPowerShell\v1.0\;C:\Windows\System32\OpenSSH\;C:\Program Files\Git\cmd;C:\Program Files\nodejs\;C:\Users\leroc\AppData\Local\Microsoft\WindowsApps;;C:\Users\leroc\AppData\Local\Programs\Microsoft VS Code\bin;C:\Users\leroc\AppData\Roaming\npm
USERNAME=leroc
OS=Windows_NT
PROCESSOR_IDENTIFIER=AMD64 Family 23 Model 24 Stepping 1, AuthenticAMD
TMP=C:\Users\leroc\AppData\Local\Temp
TEMP=C:\Users\leroc\AppData\Local\Temp



---------------  S Y S T E M  ---------------

OS: Windows 10 , 64 bit Build 19041 (10.0.19041.2913)
OS uptime: 1 days 20:56 hours

CPU:total 4 (initial active 4) (4 cores per cpu, 2 threads per core) family 23 model 24 stepping 1 microcode 0x0, cmov, cx8, fxsr, mmx, sse, sse2, sse3, ssse3, sse4.1, sse4.2, popcnt, avx, avx2, aes, clmul, mmxext, 3dnowpref, lzcnt, sse4a, ht, tsc, tscinvbit, tscinv, bmi1, bmi2, adx, sha, fma

Memory: 4k page, system-wide physical 3460M (105M free)
TotalPageFile size 14212M (AvailPageFile size 4M)
current process WorkingSet (physical memory assigned to process): 172M, peak: 372M
current process commit charge ("private bytes"): 505M, peak: 510M

vm_info: OpenJDK 64-Bit Server VM (11.0.18+10-LTS) for windows-amd64 JRE (11.0.18+10-LTS), built on Jan 10 2023 20:17:52 by "Administrator" with MS VC++ 15.9 (VS2017)

END.
